[{"stream_name":"stderr","time":6.787076949,"data":"0.00s - Debugger warning: It seems that frozen modules are being used, which may\n"}
,{"stream_name":"stderr","time":6.787139836,"data":"0.00s - make the debugger miss breakpoints. Please pass -Xfrozen_modules=off\n"}
,{"stream_name":"stderr","time":6.787144346,"data":"0.00s - to python to disable frozen modules.\n"}
,{"stream_name":"stderr","time":6.787146918,"data":"0.00s - Note: Debugging will proceed. Set PYDEVD_DISABLE_FILE_VALIDATION=1 to disable this validation.\n"}
,{"stream_name":"stderr","time":7.374808744,"data":"0.00s - Debugger warning: It seems that frozen modules are being used, which may\n"}
,{"stream_name":"stderr","time":7.374839564,"data":"0.00s - make the debugger miss breakpoints. Please pass -Xfrozen_modules=off\n"}
,{"stream_name":"stderr","time":7.374845384,"data":"0.00s - to python to disable frozen modules.\n"}
,{"stream_name":"stderr","time":7.374849357,"data":"0.00s - Note: Debugging will proceed. Set PYDEVD_DISABLE_FILE_VALIDATION=1 to disable this validation.\n"}
,{"stream_name":"stdout","time":8.495690928,"data":"BIOHUB_PRESET: exp105_weighted_gap_interpolation\n"}
,{"stream_name":"stdout","time":8.495744869,"data":"BIOHUB_SCORE_AXIS: 0.903 public LB: weighted synthetic gap-node placement on threshold+density branch\n"}
,{"stream_name":"stdout","time":9.282756749,"data":"Biohub learned UNet + node-transformer + ILP submission\n"}
,{"stream_name":"stdout","time":9.282793164,"data":"COMP_DIR: /kaggle/input/competitions/biohub-cell-tracking-during-development exists: True\n"}
,{"stream_name":"stdout","time":9.282799536,"data":"TEST_DIR: /kaggle/input/competitions/biohub-cell-tracking-during-development/test exists: True\n"}
,{"stream_name":"stdout","time":9.282803832,"data":"{\n"}
,{"stream_name":"stdout","time":9.282807748,"data":"  \"adaptive_short_track_rescue\": false,\n"}
,{"stream_name":"stdout","time":9.282811702,"data":"  \"allow_artifact_fallback\": false,\n"}
,{"stream_name":"stdout","time":9.282815488,"data":"  \"allow_pip_install\": false,\n"}
,{"stream_name":"stdout","time":9.28282113,"data":"  \"deepcenter_checkpoint_default\": \"/kaggle/input/biohub-deepcenter-unet3d-center-prior-v1/weights/full_frame_center/checkpoint_last.pt\",\n"}
,{"stream_name":"stdout","time":9.282829037,"data":"  \"deepcenter_expected_epoch\": 0,\n"}
,{"stream_name":"stdout","time":9.282831894,"data":"  \"deepcenter_gap_add_gate\": false,\n"}
,{"stream_name":"stdout","time":9.282834417,"data":"  \"deepcenter_gap_confirm_min_span_um\": 8.0,\n"}
,{"stream_name":"stdout","time":9.282837162,"data":"  \"deepcenter_gap_threshold\": 0.2,\n"}
,{"stream_name":"stdout","time":9.282839825,"data":"  \"deepcenter_safe_div_add_gate\": false,\n"}
,{"stream_name":"stdout","time":9.282842403,"data":"  \"deepcenter_safe_div_threshold\": 0.12,\n"}
,{"stream_name":"stdout","time":9.28284491,"data":"  \"det_threshold\": 0.96875,\n"}
,{"stream_name":"stdout","time":9.282847513,"data":"  \"div_drop_to_single_if_bad\": true,\n"}
,{"stream_name":"stdout","time":9.282849991,"data":"  \"div_parent_max_um\": 10.5,\n"}
,{"stream_name":"stdout","time":9.282852542,"data":"  \"div_sister_max_um\": 8.0,\n"}
,{"stream_name":"stdout","time":9.282855018,"data":"  \"experiment_tag\": \"exp105_weighted_gap_interpolation\",\n"}
,{"stream_name":"stdout","time":9.282857716,"data":"  \"gap2_frame_frac_cap\": 0.006,\n"}
,{"stream_name":"stdout","time":9.282860268,"data":"  \"gap2_max_links_abs\": 180,\n"}
,{"stream_name":"stdout","time":9.28286272,"data":"  \"gap2_max_links_frac\": 0.0045,\n"}
,{"stream_name":"stdout","time":9.282877036,"data":"  \"gap2_max_step_um\": 4.4,\n"}
,{"stream_name":"stdout","time":9.282893303,"data":"  \"gap2_max_total_um\": 10.2,\n"}
,{"stream_name":"stdout","time":9.282895915,"data":"  \"gap2_require_context\": true,\n"}
,{"stream_name":"stdout","time":9.282898287,"data":"  \"gap_close_effective_max_gap\": 1,\n"}
,{"stream_name":"stdout","time":9.28290069,"data":"  \"gap_close_max_added_abs\": 2000,\n"}
,{"stream_name":"stdout","time":9.282903116,"data":"  \"gap_close_max_added_frac\": 0.05,\n"}
,{"stream_name":"stdout","time":9.282905482,"data":"  \"gap_close_max_gap\": 2,\n"}
,{"stream_name":"stdout","time":9.282907838,"data":"  \"gap_close_reuse_existing\": true,\n"}
,{"stream_name":"stdout","time":9.282910161,"data":"  \"gap_close_reuse_um\": 3.2,\n"}
,{"stream_name":"stdout","time":9.282912606,"data":"  \"gap_close_um\": 5.8,\n"}
,{"stream_name":"stdout","time":9.282915348,"data":"  \"gap_density_adaptive\": true,\n"}
,{"stream_name":"stdout","time":9.282935723,"data":"  \"gap_density_gain\": 0.04,\n"}
,{"stream_name":"stdout","time":9.282939559,"data":"  \"gap_density_max_step_delta_um\": 0.125,\n"}
,{"stream_name":"stdout","time":9.28294343,"data":"  \"gap_density_neighbors\": 3,\n"}
,{"stream_name":"stdout","time":9.282947496,"data":"  \"gap_density_reference_um\": 6.5,\n"}
,{"stream_name":"stdout","time":9.282951645,"data":"  \"gap_refine_max_shift_um\": 3.2,\n"}
,{"stream_name":"stdout","time":9.282955173,"data":"  \"gap_refine_synthetic\": true,\n"}
,{"stream_name":"stdout","time":9.282958863,"data":"  \"gap_refine_win_yx\": 3,\n"}
,{"stream_name":"stdout","time":9.282963581,"data":"  \"gap_refine_win_z\": 1,\n"}
,{"stream_name":"stdout","time":9.282967987,"data":"  \"ilp_appearance_weight\": 0.1,\n"}
,{"stream_name":"stdout","time":9.28297219,"data":"  \"ilp_disappearance_weight\": 0.1,\n"}
,{"stream_name":"stdout","time":9.282975693,"data":"  \"ilp_division_weight\": 1.0,\n"}
,{"stream_name":"stdout","time":9.28297922,"data":"  \"ilp_edge_weight\": -1.0,\n"}
,{"stream_name":"stdout","time":9.282982688,"data":"  \"method\": \"unet_transformer\",\n"}
,{"stream_name":"stdout","time":9.282991155,"data":"  \"motion_relink_learned_bonus\": 1.0,\n"}
,{"stream_name":"stdout","time":9.282995674,"data":"  \"motion_relink_max_frame_nodes\": 2600,\n"}
,{"stream_name":"stdout","time":9.282999928,"data":"  \"motion_relink_relaxed_um\": 10.0,\n"}
,{"stream_name":"stdout","time":9.28300411,"data":"  \"motion_relink_tight_um\": 6.0,\n"}
,{"stream_name":"stdout","time":9.28300861,"data":"  \"motion_relink_velocity_weight\": 0.5,\n"}
,{"stream_name":"stdout","time":9.283012776,"data":"  \"output_division_geometry_filter\": false,\n"}
,{"stream_name":"stdout","time":9.283016423,"data":"  \"output_edge_max_um\": 14.0,\n"}
,{"stream_name":"stdout","time":9.28301991,"data":"  \"output_enforce_next_frame\": true,\n"}
,{"stream_name":"stdout","time":9.283025386,"data":"  \"output_filter_short_tracks\": true,\n"}
,{"stream_name":"stdout","time":9.283028948,"data":"  \"output_gap2_recovery\": false,\n"}
,{"stream_name":"stdout","time":9.283032396,"data":"  \"output_gap_close\": true,\n"}
,{"stream_name":"stdout","time":9.283037518,"data":"  \"output_keep_division_components\": true,\n"}
,{"stream_name":"stdout","time":9.283056857,"data":"  \"output_linefit_smooth\": true,\n"}
,{"stream_name":"stdout","time":9.28306118,"data":"  \"output_linefit_weight\": 0.8,\n"}
,{"stream_name":"stdout","time":9.283065496,"data":"  \"output_linefit_window\": 2,\n"}
,{"stream_name":"stdout","time":9.283068639,"data":"  \"output_min_track_len\": 6,\n"}
,{"stream_name":"stdout","time":9.283076208,"data":"  \"output_motion_relink\": true,\n"}
,{"stream_name":"stdout","time":9.283079606,"data":"  \"output_prune_isolated\": true,\n"}
,{"stream_name":"stdout","time":9.283082777,"data":"  \"output_safe_divisions\": true,\n"}
,{"stream_name":"stdout","time":9.283086049,"data":"  \"output_single_child_repair\": false,\n"}
,{"stream_name":"stdout","time":9.283089243,"data":"  \"output_single_parent_repair\": true,\n"}
,{"stream_name":"stdout","time":9.283092461,"data":"  \"primary_artifact_manifest\": \"/kaggle/input/datasets/pilkwang/biohub-tracking-support-pack-50ep-v1/ARTIFACT_MANIFEST.json\",\n"}
,{"stream_name":"stdout","time":9.283096334,"data":"  \"run_visual_eda\": false,\n"}
,{"stream_name":"stdout","time":9.2830996,"data":"  \"safe_div_existing_child_max_um\": 7.65,\n"}
,{"stream_name":"stdout","time":9.283102799,"data":"  \"safe_div_frame_frac_cap\": 0.0076,\n"}
,{"stream_name":"stdout","time":9.283106424,"data":"  \"safe_div_global_frac_cap\": 0.00375,\n"}
,{"stream_name":"stdout","time":9.283109861,"data":"  \"safe_div_max_um\": 4.66,\n"}
,{"stream_name":"stdout","time":9.283113132,"data":"  \"safe_div_sister_max_um\": 8.5,\n"}
,{"stream_name":"stdout","time":9.283116429,"data":"  \"short_track_rescue_max_mean_edge_dist_um\": 3.25,\n"}
,{"stream_name":"stdout","time":9.283119817,"data":"  \"short_track_rescue_max_nodes_abs\": 180,\n"}
,{"stream_name":"stdout","time":9.283123171,"data":"  \"short_track_rescue_max_nodes_frac\": 0.018,\n"}
,{"stream_name":"stdout","time":9.283126542,"data":"  \"short_track_rescue_min_len\": 4,\n"}
,{"stream_name":"stdout","time":9.283130032,"data":"  \"short_track_rescue_min_mean_edge_prob\": 0.82,\n"}
,{"stream_name":"stdout","time":9.2831335,"data":"  \"short_track_rescue_trigger_removed_frac\": 0.1,\n"}
,{"stream_name":"stdout","time":9.283137009,"data":"  \"slice\": \"\",\n"}
,{"stream_name":"stdout","time":9.283140826,"data":"  \"target_artifact_slug\": \"biohub-tracking-support-pack-50ep-v1\",\n"}
,{"stream_name":"stdout","time":9.283144403,"data":"  \"unet_batch_size\": 4,\n"}
,{"stream_name":"stdout","time":9.283147696,"data":"  \"use_deepcenter_add_only_gate\": false,\n"}
,{"stream_name":"stdout","time":9.283151342,"data":"  \"use_ilp\": true,\n"}
,{"stream_name":"stdout","time":9.283154729,"data":"  \"weights\": \"weights/unet_transformer/split_0/edge_predictor_best.pth\"\n"}
,{"stream_name":"stdout","time":9.283158289,"data":"}\n"}
,{"stream_name":"stdout","time":9.501146331,"data":"ARTIFACTS: /kaggle/input/datasets/pilkwang/biohub-tracking-support-pack-50ep-v1\n"}
,{"stream_name":"stdout","time":9.5012041,"data":"Has offline wheels: True\n"}
,{"stream_name":"stdout","time":9.501209925,"data":"Artifact name: biohub-tracking-support-pack-400ep-snapshot-v1\n"}
,{"stream_name":"stdout","time":9.501213963,"data":"Weight sha256: 12f6881ee3620a831697ca098ff8f48e687a24225f4e048b538deec3562fe771\n"}
,{"stream_name":"stdout","time":9.501218553,"data":"Weight path: weights/unet_transformer/split_0/edge_predictor_best.pth\n"}
,{"stream_name":"stdout","time":10.229177579,"data":"Installing missing packages from offline package dirs: ['polars']\n"}
,{"stream_name":"stdout","time":10.229214982,"data":"Dependency resolver is disabled with --no-deps to avoid replacing Kaggle numpy/scipy in a live kernel.\n"}
,{"stream_name":"stdout","time":10.229218819,"data":"Offline package dirs: ['/kaggle/input/datasets/pilkwang/biohub-tracking-support-pack-50ep-v1/wheels']\n"}
,{"stream_name":"stdout","time":16.695689196,"data":"Offline dependency install succeeded.\n"}
,{"stream_name":"stdout","time":16.695749536,"data":"Installing missing packages from offline package dirs: ['tracksdata', 'zarr', 'pyscipopt', 'geff', 'geff_spec', 'ilpy', 'imagecodecs', 'rustworkx', 'numcodecs', 'donfig', 'bidict']\n"}
,{"stream_name":"stdout","time":16.695755683,"data":"Dependency resolver is disabled with --no-deps to avoid replacing Kaggle numpy/scipy in a live kernel.\n"}
,{"stream_name":"stdout","time":16.695758828,"data":"Offline package dirs: ['/kaggle/input/datasets/pilkwang/biohub-tracking-support-pack-50ep-v1/wheels']\n"}
,{"stream_name":"stdout","time":39.816701485,"data":"Offline dependency install succeeded.\n"}
,{"stream_name":"stderr","time":47.58025353,"data":"/usr/local/lib/python3.12/dist-packages/dask/array/image.py:7: FutureWarning: `find_available_plugins` is deprecated since version 0.25 and will be removed in version 0.27. The plugin infrastructure of `skimage.io` is deprecated. Instead, use `imageio` or other I/O packages directly.\n"}
,{"stream_name":"stderr","time":47.580308202,"data":"  from skimage.io import imread as sk_imread\n"}
,{"stream_name":"stderr","time":47.580313519,"data":"/usr/lib/python3.12/importlib/__init__.py:90: FutureWarning: `reset_plugins` is deprecated since version 0.25 and will be removed in version 0.27. The plugin infrastructure of `skimage.io` is deprecated. Instead, use `imageio` or other I/O packages directly.\n"}
,{"stream_name":"stderr","time":47.580317905,"data":"  return _bootstrap._gcd_import(name[level:], package, level)\n"}
,{"stream_name":"stderr","time":47.580321607,"data":"\n"}
,{"stream_name":"stderr","time":47.580325185,"data":"/usr/local/lib/python3.12/dist-packages/dask/array/image.py:7: FutureWarning: `find_available_plugins` is deprecated since version 0.25 and will be removed in version 0.27. The plugin infrastructure of `skimage.io` is deprecated. Instead, use `imageio` or other I/O packages directly.\n"}
,{"stream_name":"stderr","time":47.580329404,"data":"  from skimage.io import imread as sk_imread\n"}
,{"stream_name":"stderr","time":47.580345102,"data":"/usr/lib/python3.12/importlib/__init__.py:90: FutureWarning: `reset_plugins` is deprecated since version 0.25 and will be removed in version 0.27. The plugin infrastructure of `skimage.io` is deprecated. Instead, use `imageio` or other I/O packages directly.\n"}
,{"stream_name":"stderr","time":47.580349062,"data":"  return _bootstrap._gcd_import(name[level:], package, level)\n"}
,{"stream_name":"stdout","time":47.665436657,"data":"Required graph/Zarr/ILP packages import successfully.\n"}
,{"stream_name":"stdout","time":47.665488012,"data":"Inference repo: /kaggle/working/tracking_repo\n"}
,{"stream_name":"stdout","time":47.66549607,"data":"Weights: /kaggle/working/tracking_repo/weights/unet_transformer/split_0/edge_predictor_best.pth\n"}
,{"stream_name":"stdout","time":51.876014165,"data":"torch 2.10.0+cu128 cuda True\n"}
,{"stream_name":"stdout","time":51.917838328,"data":"device=cuda Tesla T4\n"}
,{"stream_name":"stdout","time":52.070477931,"data":"TTA patch applied (400ep spatial D4-style)\n"}
,{"stream_name":"stdout","time":52.070512016,"data":"Found 4 test videos\n"}
,{"stream_name":"stdout","time":52.070518154,"data":"['44b6_0113de3b', '44b6_0b24845f', '6bba_05b6850b', '6bba_05db0fb1']\n"}
,{"stream_name":"stdout","time":52.070524048,"data":"/usr/bin/python3 scripts/predict_unet_transformer.py --data-dir /kaggle/input/competitions/biohub-cell-tracking-during-development/test --splits kaggle_test_splits_50ep.json --split 0 --weights weights/unet_transformer/split_0/edge_predictor_best.pth --unet-batch-size 4 --det-threshold 0.96875 --ilp-edge-weight -1.0 --ilp-appearance-weight 0.1 --ilp-disappearance-weight 0.1 --ilp-division-weight 1.0 --use-ilp\n"}
,{"stream_name":"stderr","time":57.433204302,"data":"/usr/local/lib/python3.12/dist-packages/dask/array/image.py:7: FutureWarning: `find_available_plugins` is deprecated since version 0.25 and will be removed in version 0.27. The plugin infrastructure of `skimage.io` is deprecated. Instead, use `imageio` or other I/O packages directly.\n"}
,{"stream_name":"stderr","time":57.433257145,"data":"  from skimage.io import imread as sk_imread\n"}
,{"stream_name":"stderr","time":57.438191748,"data":"/usr/lib/python3.12/importlib/__init__.py:90: FutureWarning: `reset_plugins` is deprecated since version 0.25 and will be removed in version 0.27. The plugin infrastructure of `skimage.io` is deprecated. Instead, use `imageio` or other I/O packages directly.\n"}
,{"stream_name":"stderr","time":57.438241127,"data":"  return _bootstrap._gcd_import(name[level:], package, level)\n"}
,{"stream_name":"stderr","time":57.635647482,"data":"/usr/local/lib/python3.12/dist-packages/dask/array/image.py:7: FutureWarning: `find_available_plugins` is deprecated since version 0.25 and will be removed in version 0.27. The plugin infrastructure of `skimage.io` is deprecated. Instead, use `imageio` or other I/O packages directly.\n"}
,{"stream_name":"stderr","time":57.635672719,"data":"  from skimage.io import imread as sk_imread\n"}
,{"stream_name":"stderr","time":57.635678936,"data":"/usr/lib/python3.12/importlib/__init__.py:90: FutureWarning: `reset_plugins` is deprecated since version 0.25 and will be removed in version 0.27. The plugin infrastructure of `skimage.io` is deprecated. Instead, use `imageio` or other I/O packages directly.\n"}
,{"stream_name":"stderr","time":57.635685119,"data":"  return _bootstrap._gcd_import(name[level:], package, level)\n"}
,{"stream_name":"stderr","time":57.635689199,"data":"\n"}
,{"stream_name":"stderr","time":57.635693138,"data":"/usr/local/lib/python3.12/dist-packages/dask/array/image.py:7: FutureWarning: `find_available_plugins` is deprecated since version 0.25 and will be removed in version 0.27. The plugin infrastructure of `skimage.io` is deprecated. Instead, use `imageio` or other I/O packages directly.\n"}
,{"stream_name":"stderr","time":57.635697647,"data":"  from skimage.io import imread as sk_imread\n"}
,{"stream_name":"stderr","time":57.635702081,"data":"/usr/lib/python3.12/importlib/__init__.py:90: FutureWarning: `reset_plugins` is deprecated since version 0.25 and will be removed in version 0.27. The plugin infrastructure of `skimage.io` is deprecated. Instead, use `imageio` or other I/O packages directly.\n"}
,{"stream_name":"stderr","time":57.635706888,"data":"  return _bootstrap._gcd_import(name[level:], package, level)\n"}
,{"stream_name":"stdout","time":58.237411096,"data":"Fold 0: 4 datasets | weights=weights/unet_transformer/split_0/edge_predictor_best.pth | device=cuda | window_size=2 | pool_kernel_um=3.0\n"}
,{"stream_name":"stdout","time":58.439710526,"data":"Fold 0: 4 datasets | weights=weights/unet_transformer/split_0/edge_predictor_best.pth | device=cuda | window_size=2 | pool_kernel_um=3.0\n"}
,{"stream_name":"stdout","time":665.694366931,"data":"Saved 4 predictions to /kaggle/working/tracking_repo/predictions/unknown/unet_transformer/split_0\n"}
,{"stream_name":"stdout","time":665.903040035,"data":"Saved 4 predictions to /kaggle/working/tracking_repo/predictions/unknown/unet_transformer/split_0\n"}
,{"stream_name":"stdout","time":669.055383871,"data":"Prediction completed in 10.29 minutes\n"}
,{"stream_name":"stdout","time":669.508925415,"data":"DeepCenter add-only repair gate disabled by configuration.\n"}
,{"stream_name":"stdout","time":669.50896516,"data":"Found 4 prediction graphs\n"}
,{"stream_name":"stdout","time":938.221124877,"data":"Wrote /kaggle/working/submission.csv with 252,688 rows\n"}
,{"stream_name":"stdout","time":938.221161798,"data":"Node rows: 128,614 | edge rows: 124,074\n"}
,{"stream_name":"stdout","time":938.221179568,"data":"Wrote /kaggle/working/run_stats.csv\n"}
,{"stream_name":"stdout","time":938.316891584,"data":"\n"}
,{"stream_name":"stdout","time":938.316931967,"data":"＊＊＊＊＊ GPT FEEDBACK START ＊＊＊＊＊\n"}
,{"stream_name":"stdout","time":938.316938416,"data":"Notebook: biohub_exp105_weighted_gap_interpolation\n"}
,{"stream_name":"stdout","time":938.316942756,"data":"Base: 0.903 public gap-5.8 anchor\n"}
,{"stream_name":"stdout","time":938.316946992,"data":"Strategy: lower detection threshold combined with density-adaptive gap repair; adaptive short-track rescue disabled\n"}
,{"stream_name":"stdout","time":938.316953634,"data":"Additional private model dependency: none\n"}
,{"stream_name":"stdout","time":938.316961438,"data":"Prediction minutes: 10.29\n"}
,{"stream_name":"stdout","time":938.316964275,"data":"Rows: 252688\n"}
,{"stream_name":"stdout","time":938.316966972,"data":"Node rows: 128614\n"}
,{"stream_name":"stdout","time":938.31696971,"data":"Edge rows: 124074\n"}
,{"stream_name":"stdout","time":938.316972797,"data":"SHA256: 5ff0b84ea080fb9954fd8d2578823f32ff2a34653dbc4ede561bb4e913f4d964\n"}
,{"stream_name":"stdout","time":938.316975737,"data":"Difference vs 0.903 anchor:\n"}
,{"stream_name":"stdout","time":938.316978424,"data":"- Rows delta: +788\n"}
,{"stream_name":"stdout","time":938.316981166,"data":"- Node delta: +397\n"}
,{"stream_name":"stdout","time":938.316983797,"data":"- Edge delta: +391\n"}
,{"stream_name":"stdout","time":938.316986502,"data":"Experimental activation count: 124\n"}
,{"stream_name":"stdout","time":938.316989196,"data":"Per-dataset key statistics:\n"}
,{"stream_name":"stdout","time":938.316992071,"data":"      dataset  nodes  edges  gap_candidates  gap_pairs_selected  gap_density_nodes_scored  gap_density_candidates_expanded  gap_density_candidates_restricted  gap_density_selected_outside_base\n"}
,{"stream_name":"stdout","time":938.316996464,"data":"44b6_0113de3b  25468  24710             116                 100                     25382                                2                                  0                                  2\n"}
,{"stream_name":"stdout","time":938.316999659,"data":"44b6_0b24845f  24526  23012            1540                1047                     27292                               89                                  0                                 36\n"}
,{"stream_name":"stdout","time":938.317002641,"data":"6bba_05b6850b   6365   6137              77                  65                      6439                                3                                  0                                  1\n"}
,{"stream_name":"stdout","time":938.317005771,"data":"6bba_05db0fb1  72255  70215            1222                 808                     71572                               30                                  0                                 12\n"}
,{"stream_name":"stdout","time":938.317008785,"data":"Submit recommendation: SUBMIT CANDIDATE\n"}
,{"stream_name":"stdout","time":938.317011576,"data":"＊＊＊＊＊ GPT FEEDBACK END ＊＊＊＊＊\n"}
,{"stream_name":"stderr","time":943.745702603,"data":"/usr/local/lib/python3.12/dist-packages/mistune.py:435: SyntaxWarning: invalid escape sequence '\\|'\n"}
,{"stream_name":"stderr","time":943.745743838,"data":"  cells[i][c] = re.sub('\\\\\\\\\\|', '|', cell)\n"}
,{"stream_name":"stderr","time":943.893715269,"data":"/usr/local/lib/python3.12/dist-packages/nbconvert/filters/filter_links.py:36: SyntaxWarning: invalid escape sequence '\\_'\n"}
,{"stream_name":"stderr","time":943.89374685,"data":"  text = re.sub(r'_', '\\_', text) # Escape underscores in display text\n"}
,{"stream_name":"stderr","time":944.611189949,"data":"[NbConvertApp] Converting notebook __notebook__.ipynb to notebook\n"}
,{"stream_name":"stderr","time":944.957160168,"data":"[NbConvertApp] Writing 183649 bytes to __notebook__.ipynb\n"}
,{"stream_name":"stderr","time":947.737210051,"data":"[NbConvertApp] Converting notebook __notebook__.ipynb to html\n"}
,{"stream_name":"stderr","time":949.136448158,"data":"[NbConvertApp] Writing 834462 bytes to __results__.html\n"}
]