[{"stream_name":"stderr","time":6.694178676,"data":"/usr/local/lib/python3.12/dist-packages/nbformat/__init__.py:96: MissingIDFieldWarning: Cell is missing an id field, this will become a hard error in future nbformat versions. You may want to use `normalize()` on your notebooks before validations (available since nbformat 5.1.4). Previous versions of nbformat are fixing this issue transparently, and will stop doing so in the future.\n"}
,{"stream_name":"stderr","time":6.694257389,"data":"  validate(nb)\n"}
,{"stream_name":"stderr","time":7.634048463,"data":"0.00s - Debugger warning: It seems that frozen modules are being used, which may\n"}
,{"stream_name":"stderr","time":7.634083013,"data":"0.00s - make the debugger miss breakpoints. Please pass -Xfrozen_modules=off\n"}
,{"stream_name":"stderr","time":7.634087156,"data":"0.00s - to python to disable frozen modules.\n"}
,{"stream_name":"stderr","time":7.634089808,"data":"0.00s - Note: Debugging will proceed. Set PYDEVD_DISABLE_FILE_VALIDATION=1 to disable this validation.\n"}
,{"stream_name":"stderr","time":8.239502862,"data":"0.00s - Debugger warning: It seems that frozen modules are being used, which may\n"}
,{"stream_name":"stderr","time":8.239528544,"data":"0.00s - make the debugger miss breakpoints. Please pass -Xfrozen_modules=off\n"}
,{"stream_name":"stderr","time":8.239533139,"data":"0.00s - to python to disable frozen modules.\n"}
,{"stream_name":"stderr","time":8.239536847,"data":"0.00s - Note: Debugging will proceed. Set PYDEVD_DISABLE_FILE_VALIDATION=1 to disable this validation.\n"}
,{"stream_name":"stdout","time":9.452600445,"data":"BIOHUB_PRESET: exp101_safe_div_recall_expansion\n"}
,{"stream_name":"stdout","time":9.452650817,"data":"BIOHUB_SCORE_AXIS: 0.903 public LB: gap distance 5.8, motion bonus 1.0, sister radius 8.5\n"}
,{"stream_name":"stdout","time":10.39747375,"data":"Biohub learned UNet + node-transformer + ILP submission\n"}
,{"stream_name":"stdout","time":10.397503342,"data":"COMP_DIR: /kaggle/input/competitions/biohub-cell-tracking-during-development exists: True\n"}
,{"stream_name":"stdout","time":10.397508438,"data":"TEST_DIR: /kaggle/input/competitions/biohub-cell-tracking-during-development/test exists: True\n"}
,{"stream_name":"stdout","time":10.397512753,"data":"{\n"}
,{"stream_name":"stdout","time":10.397516395,"data":"  \"adaptive_short_track_rescue\": false,\n"}
,{"stream_name":"stdout","time":10.397520698,"data":"  \"allow_artifact_fallback\": false,\n"}
,{"stream_name":"stdout","time":10.397524181,"data":"  \"allow_pip_install\": false,\n"}
,{"stream_name":"stdout","time":10.397528449,"data":"  \"deepcenter_checkpoint_default\": \"/kaggle/input/biohub-deepcenter-unet3d-center-prior-v1/weights/full_frame_center/checkpoint_last.pt\",\n"}
,{"stream_name":"stdout","time":10.397533409,"data":"  \"deepcenter_expected_epoch\": 0,\n"}
,{"stream_name":"stdout","time":10.39753707,"data":"  \"deepcenter_gap_add_gate\": false,\n"}
,{"stream_name":"stdout","time":10.397540972,"data":"  \"deepcenter_gap_confirm_min_span_um\": 8.0,\n"}
,{"stream_name":"stdout","time":10.397544964,"data":"  \"deepcenter_gap_threshold\": 0.2,\n"}
,{"stream_name":"stdout","time":10.397548209,"data":"  \"deepcenter_safe_div_add_gate\": false,\n"}
,{"stream_name":"stdout","time":10.397551686,"data":"  \"deepcenter_safe_div_threshold\": 0.12,\n"}
,{"stream_name":"stdout","time":10.397555094,"data":"  \"det_threshold\": 0.97,\n"}
,{"stream_name":"stdout","time":10.397558612,"data":"  \"div_drop_to_single_if_bad\": true,\n"}
,{"stream_name":"stdout","time":10.39756209,"data":"  \"div_parent_max_um\": 10.5,\n"}
,{"stream_name":"stdout","time":10.39756545,"data":"  \"div_sister_max_um\": 8.0,\n"}
,{"stream_name":"stdout","time":10.397584666,"data":"  \"experiment_tag\": \"exp101_safe_div_recall_expansion\",\n"}
,{"stream_name":"stdout","time":10.397589148,"data":"  \"gap2_frame_frac_cap\": 0.006,\n"}
,{"stream_name":"stdout","time":10.397592983,"data":"  \"gap2_max_links_abs\": 180,\n"}
,{"stream_name":"stdout","time":10.397597198,"data":"  \"gap2_max_links_frac\": 0.0045,\n"}
,{"stream_name":"stdout","time":10.397601227,"data":"  \"gap2_max_step_um\": 4.4,\n"}
,{"stream_name":"stdout","time":10.39760529,"data":"  \"gap2_max_total_um\": 10.2,\n"}
,{"stream_name":"stdout","time":10.397609254,"data":"  \"gap2_require_context\": true,\n"}
,{"stream_name":"stdout","time":10.397613039,"data":"  \"gap_close_effective_max_gap\": 1,\n"}
,{"stream_name":"stdout","time":10.397617083,"data":"  \"gap_close_max_added_abs\": 2000,\n"}
,{"stream_name":"stdout","time":10.397620383,"data":"  \"gap_close_max_added_frac\": 0.05,\n"}
,{"stream_name":"stdout","time":10.397624356,"data":"  \"gap_close_max_gap\": 2,\n"}
,{"stream_name":"stdout","time":10.397628019,"data":"  \"gap_close_reuse_existing\": true,\n"}
,{"stream_name":"stdout","time":10.397631758,"data":"  \"gap_close_reuse_um\": 3.2,\n"}
,{"stream_name":"stdout","time":10.397634889,"data":"  \"gap_close_um\": 5.8,\n"}
,{"stream_name":"stdout","time":10.397638108,"data":"  \"gap_refine_max_shift_um\": 3.2,\n"}
,{"stream_name":"stdout","time":10.397641459,"data":"  \"gap_refine_synthetic\": true,\n"}
,{"stream_name":"stdout","time":10.397644677,"data":"  \"gap_refine_win_yx\": 3,\n"}
,{"stream_name":"stdout","time":10.397647881,"data":"  \"gap_refine_win_z\": 1,\n"}
,{"stream_name":"stdout","time":10.397651183,"data":"  \"ilp_appearance_weight\": 0.1,\n"}
,{"stream_name":"stdout","time":10.397654512999999,"data":"  \"ilp_disappearance_weight\": 0.1,\n"}
,{"stream_name":"stdout","time":10.397657822,"data":"  \"ilp_division_weight\": 1.0,\n"}
,{"stream_name":"stdout","time":10.397661168,"data":"  \"ilp_edge_weight\": -1.0,\n"}
,{"stream_name":"stdout","time":10.397664596,"data":"  \"method\": \"unet_transformer\",\n"}
,{"stream_name":"stdout","time":10.397667953,"data":"  \"motion_relink_learned_bonus\": 1.0,\n"}
,{"stream_name":"stdout","time":10.397671662,"data":"  \"motion_relink_max_frame_nodes\": 2600,\n"}
,{"stream_name":"stdout","time":10.397675314,"data":"  \"motion_relink_relaxed_um\": 10.0,\n"}
,{"stream_name":"stdout","time":10.397678834,"data":"  \"motion_relink_tight_um\": 6.0,\n"}
,{"stream_name":"stdout","time":10.397681936,"data":"  \"motion_relink_velocity_weight\": 0.5,\n"}
,{"stream_name":"stdout","time":10.397685191,"data":"  \"output_division_geometry_filter\": false,\n"}
,{"stream_name":"stdout","time":10.397688547,"data":"  \"output_edge_max_um\": 14.0,\n"}
,{"stream_name":"stdout","time":10.397692061,"data":"  \"output_enforce_next_frame\": true,\n"}
,{"stream_name":"stdout","time":10.397695904,"data":"  \"output_filter_short_tracks\": true,\n"}
,{"stream_name":"stdout","time":10.39769977,"data":"  \"output_gap2_recovery\": false,\n"}
,{"stream_name":"stdout","time":10.397703779,"data":"  \"output_gap_close\": true,\n"}
,{"stream_name":"stdout","time":10.39770711,"data":"  \"output_keep_division_components\": true,\n"}
,{"stream_name":"stdout","time":10.397710397,"data":"  \"output_linefit_smooth\": true,\n"}
,{"stream_name":"stdout","time":10.397715613999999,"data":"  \"output_linefit_weight\": 0.8,\n"}
,{"stream_name":"stdout","time":10.397719829,"data":"  \"output_linefit_window\": 2,\n"}
,{"stream_name":"stdout","time":10.397723882,"data":"  \"output_min_track_len\": 6,\n"}
,{"stream_name":"stdout","time":10.397734042,"data":"  \"output_motion_relink\": true,\n"}
,{"stream_name":"stdout","time":10.397738352,"data":"  \"output_prune_isolated\": true,\n"}
,{"stream_name":"stdout","time":10.39774177,"data":"  \"output_safe_divisions\": true,\n"}
,{"stream_name":"stdout","time":10.397745399,"data":"  \"output_single_child_repair\": false,\n"}
,{"stream_name":"stdout","time":10.397749277,"data":"  \"output_single_parent_repair\": true,\n"}
,{"stream_name":"stdout","time":10.397753283,"data":"  \"primary_artifact_manifest\": \"/kaggle/input/datasets/pilkwang/biohub-tracking-support-pack-50ep-v1/ARTIFACT_MANIFEST.json\",\n"}
,{"stream_name":"stdout","time":10.397757382,"data":"  \"run_visual_eda\": false,\n"}
,{"stream_name":"stdout","time":10.397760543,"data":"  \"safe_div_existing_child_max_um\": 8.2,\n"}
,{"stream_name":"stdout","time":10.397763852,"data":"  \"safe_div_frame_frac_cap\": 0.009,\n"}
,{"stream_name":"stdout","time":10.397767304,"data":"  \"safe_div_global_frac_cap\": 0.0045,\n"}
,{"stream_name":"stdout","time":10.39777083,"data":"  \"safe_div_max_um\": 4.9,\n"}
,{"stream_name":"stdout","time":10.397774324,"data":"  \"safe_div_sister_max_um\": 9.0,\n"}
,{"stream_name":"stdout","time":10.397777738,"data":"  \"short_track_rescue_max_mean_edge_dist_um\": 3.25,\n"}
,{"stream_name":"stdout","time":10.397781292,"data":"  \"short_track_rescue_max_nodes_abs\": 180,\n"}
,{"stream_name":"stdout","time":10.39778544,"data":"  \"short_track_rescue_max_nodes_frac\": 0.018,\n"}
,{"stream_name":"stdout","time":10.397788832,"data":"  \"short_track_rescue_min_len\": 4,\n"}
,{"stream_name":"stdout","time":10.397792201,"data":"  \"short_track_rescue_min_mean_edge_prob\": 0.82,\n"}
,{"stream_name":"stdout","time":10.397795633,"data":"  \"short_track_rescue_trigger_removed_frac\": 0.1,\n"}
,{"stream_name":"stdout","time":10.39779911,"data":"  \"slice\": \"\",\n"}
,{"stream_name":"stdout","time":10.397802912,"data":"  \"target_artifact_slug\": \"biohub-tracking-support-pack-50ep-v1\",\n"}
,{"stream_name":"stdout","time":10.397807239,"data":"  \"unet_batch_size\": 4,\n"}
,{"stream_name":"stdout","time":10.397810652,"data":"  \"use_deepcenter_add_only_gate\": false,\n"}
,{"stream_name":"stdout","time":10.397814206,"data":"  \"use_ilp\": true,\n"}
,{"stream_name":"stdout","time":10.397818405,"data":"  \"weights\": \"weights/unet_transformer/split_0/edge_predictor_best.pth\"\n"}
,{"stream_name":"stdout","time":10.397822234,"data":"}\n"}
,{"stream_name":"stdout","time":10.617133004,"data":"ARTIFACTS: /kaggle/input/datasets/pilkwang/biohub-tracking-support-pack-50ep-v1\n"}
,{"stream_name":"stdout","time":10.617163335,"data":"Has offline wheels: True\n"}
,{"stream_name":"stdout","time":10.617168928,"data":"Artifact name: biohub-tracking-support-pack-400ep-snapshot-v1\n"}
,{"stream_name":"stdout","time":10.617172969,"data":"Weight sha256: 12f6881ee3620a831697ca098ff8f48e687a24225f4e048b538deec3562fe771\n"}
,{"stream_name":"stdout","time":10.617177554,"data":"Weight path: weights/unet_transformer/split_0/edge_predictor_best.pth\n"}
,{"stream_name":"stdout","time":11.422500631,"data":"Installing missing packages from offline package dirs: ['polars']\n"}
,{"stream_name":"stdout","time":11.422526587,"data":"Dependency resolver is disabled with --no-deps to avoid replacing Kaggle numpy/scipy in a live kernel.\n"}
,{"stream_name":"stdout","time":11.422531289,"data":"Offline package dirs: ['/kaggle/input/datasets/pilkwang/biohub-tracking-support-pack-50ep-v1/wheels']\n"}
,{"stream_name":"stdout","time":17.381928805,"data":"Offline dependency install succeeded.\n"}
,{"stream_name":"stdout","time":17.381984114,"data":"Installing missing packages from offline package dirs: ['tracksdata', 'zarr', 'pyscipopt', 'geff', 'geff_spec', 'ilpy', 'imagecodecs', 'rustworkx', 'numcodecs', 'donfig', 'bidict']\n"}
,{"stream_name":"stdout","time":17.381991097,"data":"Dependency resolver is disabled with --no-deps to avoid replacing Kaggle numpy/scipy in a live kernel.\n"}
,{"stream_name":"stdout","time":17.381995583,"data":"Offline package dirs: ['/kaggle/input/datasets/pilkwang/biohub-tracking-support-pack-50ep-v1/wheels']\n"}
,{"stream_name":"stdout","time":44.207103497,"data":"Offline dependency install succeeded.\n"}
,{"stream_name":"stderr","time":51.846496833,"data":"/usr/local/lib/python3.12/dist-packages/dask/array/image.py:7: FutureWarning: `find_available_plugins` is deprecated since version 0.25 and will be removed in version 0.27. The plugin infrastructure of `skimage.io` is deprecated. Instead, use `imageio` or other I/O packages directly.\n"}
,{"stream_name":"stderr","time":51.846528084,"data":"  from skimage.io import imread as sk_imread\n"}
,{"stream_name":"stderr","time":51.846534732,"data":"/usr/lib/python3.12/importlib/__init__.py:90: FutureWarning: `reset_plugins` is deprecated since version 0.25 and will be removed in version 0.27. The plugin infrastructure of `skimage.io` is deprecated. Instead, use `imageio` or other I/O packages directly.\n"}
,{"stream_name":"stderr","time":51.846540222,"data":"  return _bootstrap._gcd_import(name[level:], package, level)\n"}
,{"stream_name":"stderr","time":51.846544372,"data":"\n"}
,{"stream_name":"stderr","time":51.84675453,"data":"/usr/local/lib/python3.12/dist-packages/dask/array/image.py:7: FutureWarning: `find_available_plugins` is deprecated since version 0.25 and will be removed in version 0.27. The plugin infrastructure of `skimage.io` is deprecated. Instead, use `imageio` or other I/O packages directly.\n"}
,{"stream_name":"stderr","time":51.846768144,"data":"  from skimage.io import imread as sk_imread\n"}
,{"stream_name":"stderr","time":51.846773177,"data":"/usr/lib/python3.12/importlib/__init__.py:90: FutureWarning: `reset_plugins` is deprecated since version 0.25 and will be removed in version 0.27. The plugin infrastructure of `skimage.io` is deprecated. Instead, use `imageio` or other I/O packages directly.\n"}
,{"stream_name":"stderr","time":51.846777954,"data":"  return _bootstrap._gcd_import(name[level:], package, level)\n"}
,{"stream_name":"stdout","time":51.925791537,"data":"Required graph/Zarr/ILP packages import successfully.\n"}
,{"stream_name":"stdout","time":51.925862261,"data":"Inference repo: /kaggle/working/tracking_repo\n"}
,{"stream_name":"stdout","time":51.925868738,"data":"Weights: /kaggle/working/tracking_repo/weights/unet_transformer/split_0/edge_predictor_best.pth\n"}
,{"stream_name":"stdout","time":52.059996519,"data":"TTA patch applied (400ep spatial D4-style)\n"}
,{"stream_name":"stdout","time":52.060022853,"data":"Found 4 test videos\n"}
,{"stream_name":"stdout","time":52.06002881,"data":"['44b6_0113de3b', '44b6_0b24845f', '6bba_05b6850b', '6bba_05db0fb1']\n"}
,{"stream_name":"stdout","time":52.060033633,"data":"/usr/bin/python3 scripts/predict_unet_transformer.py --data-dir /kaggle/input/competitions/biohub-cell-tracking-during-development/test --splits kaggle_test_splits_50ep.json --split 0 --weights weights/unet_transformer/split_0/edge_predictor_best.pth --unet-batch-size 4 --det-threshold 0.97 --ilp-edge-weight -1.0 --ilp-appearance-weight 0.1 --ilp-disappearance-weight 0.1 --ilp-division-weight 1.0 --use-ilp\n"}
,{"stream_name":"stderr","time":59.334384636,"data":"/usr/local/lib/python3.12/dist-packages/dask/array/image.py:7: FutureWarning: `find_available_plugins` is deprecated since version 0.25 and will be removed in version 0.27. The plugin infrastructure of `skimage.io` is deprecated. Instead, use `imageio` or other I/O packages directly.\n"}
,{"stream_name":"stderr","time":59.334452645,"data":"  from skimage.io import imread as sk_imread\n"}
,{"stream_name":"stderr","time":59.33883801,"data":"/usr/lib/python3.12/importlib/__init__.py:90: FutureWarning: `reset_plugins` is deprecated since version 0.25 and will be removed in version 0.27. The plugin infrastructure of `skimage.io` is deprecated. Instead, use `imageio` or other I/O packages directly.\n"}
,{"stream_name":"stderr","time":59.338855249,"data":"  return _bootstrap._gcd_import(name[level:], package, level)\n"}
,{"stream_name":"stderr","time":59.536713591,"data":"/usr/local/lib/python3.12/dist-packages/dask/array/image.py:7: FutureWarning: `find_available_plugins` is deprecated since version 0.25 and will be removed in version 0.27. The plugin infrastructure of `skimage.io` is deprecated. Instead, use `imageio` or other I/O packages directly.\n"}
,{"stream_name":"stderr","time":59.53674173,"data":"  from skimage.io import imread as sk_imread\n"}
,{"stream_name":"stderr","time":59.536747075,"data":"/usr/lib/python3.12/importlib/__init__.py:90: FutureWarning: `reset_plugins` is deprecated since version 0.25 and will be removed in version 0.27. The plugin infrastructure of `skimage.io` is deprecated. Instead, use `imageio` or other I/O packages directly.\n"}
,{"stream_name":"stderr","time":59.53675158,"data":"  return _bootstrap._gcd_import(name[level:], package, level)\n"}
,{"stream_name":"stderr","time":59.536755173,"data":"\n"}
,{"stream_name":"stderr","time":59.536758507,"data":"/usr/local/lib/python3.12/dist-packages/dask/array/image.py:7: FutureWarning: `find_available_plugins` is deprecated since version 0.25 and will be removed in version 0.27. The plugin infrastructure of `skimage.io` is deprecated. Instead, use `imageio` or other I/O packages directly.\n"}
,{"stream_name":"stderr","time":59.536762795,"data":"  from skimage.io import imread as sk_imread\n"}
,{"stream_name":"stderr","time":59.536766257,"data":"/usr/lib/python3.12/importlib/__init__.py:90: FutureWarning: `reset_plugins` is deprecated since version 0.25 and will be removed in version 0.27. The plugin infrastructure of `skimage.io` is deprecated. Instead, use `imageio` or other I/O packages directly.\n"}
,{"stream_name":"stderr","time":59.53677039,"data":"  return _bootstrap._gcd_import(name[level:], package, level)\n"}
,{"stream_name":"stdout","time":60.296066469,"data":"Fold 0: 4 datasets | weights=weights/unet_transformer/split_0/edge_predictor_best.pth | device=cuda | window_size=2 | pool_kernel_um=3.0\n"}
,{"stream_name":"stdout","time":60.498309619,"data":"Fold 0: 4 datasets | weights=weights/unet_transformer/split_0/edge_predictor_best.pth | device=cuda | window_size=2 | pool_kernel_um=3.0\n"}
,{"stream_name":"stdout","time":693.992482258,"data":"Saved 4 predictions to /kaggle/working/tracking_repo/predictions/unknown/unet_transformer/split_0\n"}
,{"stream_name":"stdout","time":694.203488792,"data":"Saved 4 predictions to /kaggle/working/tracking_repo/predictions/unknown/unet_transformer/split_0\n"}
,{"stream_name":"stdout","time":698.153754722,"data":"Prediction completed in 10.77 minutes\n"}
,{"stream_name":"stdout","time":700.621887165,"data":"DeepCenter add-only repair gate disabled by configuration.\n"}
,{"stream_name":"stdout","time":700.621930067,"data":"Found 4 prediction graphs\n"}
,{"stream_name":"stdout","time":932.070840076,"data":"Wrote /kaggle/working/submission.csv with 252,174 rows\n"}
,{"stream_name":"stdout","time":932.070871108,"data":"Node rows: 128,316 | edge rows: 123,858\n"}
,{"stream_name":"stdout","time":932.070876457,"data":"Wrote /kaggle/working/run_stats.csv\n"}
,{"stream_name":"stderr","time":937.285282356,"data":"/usr/local/lib/python3.12/dist-packages/mistune.py:435: SyntaxWarning: invalid escape sequence '\\|'\n"}
,{"stream_name":"stderr","time":937.285325431,"data":"  cells[i][c] = re.sub('\\\\\\\\\\|', '|', cell)\n"}
,{"stream_name":"stderr","time":937.425271187,"data":"/usr/local/lib/python3.12/dist-packages/nbconvert/filters/filter_links.py:36: SyntaxWarning: invalid escape sequence '\\_'\n"}
,{"stream_name":"stderr","time":937.425295212,"data":"  text = re.sub(r'_', '\\_', text) # Escape underscores in display text\n"}
,{"stream_name":"stderr","time":938.108779761,"data":"[NbConvertApp] Converting notebook __notebook__.ipynb to notebook\n"}
,{"stream_name":"stderr","time":938.421801543,"data":"[NbConvertApp] Writing 759345 bytes to __notebook__.ipynb\n"}
,{"stream_name":"stderr","time":940.816467007,"data":"[NbConvertApp] Converting notebook __notebook__.ipynb to html\n"}
,{"stream_name":"stderr","time":942.075052093,"data":"[NbConvertApp] Support files will be in __results___files/\n"}
,{"stream_name":"stderr","time":942.07507973,"data":"[NbConvertApp] Making directory __results___files\n"}
,{"stream_name":"stderr","time":942.075629753,"data":"[NbConvertApp] Writing 781517 bytes to __results__.html\n"}
]