[{"stream_name":"stderr","time":8.973853632,"data":"0.00s - Debugger warning: It seems that frozen modules are being used, which may\n"}
,{"stream_name":"stderr","time":8.973951742,"data":"0.00s - make the debugger miss breakpoints. Please pass -Xfrozen_modules=off\n"}
,{"stream_name":"stderr","time":8.973960542,"data":"0.00s - to python to disable frozen modules.\n"}
,{"stream_name":"stderr","time":8.973965673,"data":"0.00s - Note: Debugging will proceed. Set PYDEVD_DISABLE_FILE_VALIDATION=1 to disable this validation.\n"}
,{"stream_name":"stderr","time":9.764299163,"data":"0.00s - Debugger warning: It seems that frozen modules are being used, which may\n"}
,{"stream_name":"stderr","time":9.764350031,"data":"0.00s - make the debugger miss breakpoints. Please pass -Xfrozen_modules=off\n"}
,{"stream_name":"stderr","time":9.764356345,"data":"0.00s - to python to disable frozen modules.\n"}
,{"stream_name":"stderr","time":9.764361457,"data":"0.00s - Note: Debugging will proceed. Set PYDEVD_DISABLE_FILE_VALIDATION=1 to disable this validation.\n"}
,{"stream_name":"stdout","time":13.654002655,"data":"Zip file created successfully! Size: 409.93 KB\n"}
,{"stream_name":"stdout","time":13.654063652,"data":"Total files zipped: 400\n"}
,{"stream_name":"stdout","time":13.654070628,"data":"First 5 files: ['task001.onnx', 'task002.onnx', 'task003.onnx', 'task004.onnx', 'task005.onnx']\n"}
,{"stream_name":"stderr","time":16.92083663,"data":"/usr/local/lib/python3.12/dist-packages/mistune.py:435: SyntaxWarning: invalid escape sequence '\\|'\n"}
,{"stream_name":"stderr","time":16.920879916,"data":"  cells[i][c] = re.sub('\\\\\\\\\\|', '|', cell)\n"}
,{"stream_name":"stderr","time":17.126687009,"data":"/usr/local/lib/python3.12/dist-packages/nbconvert/filters/filter_links.py:36: SyntaxWarning: invalid escape sequence '\\_'\n"}
,{"stream_name":"stderr","time":17.126718607,"data":"  text = re.sub(r'_', '\\_', text) # Escape underscores in display text\n"}
,{"stream_name":"stderr","time":18.448982407,"data":"[NbConvertApp] Converting notebook __notebook__.ipynb to notebook\n"}
,{"stream_name":"stderr","time":18.853157413,"data":"[NbConvertApp] Writing 2867 bytes to __notebook__.ipynb\n"}
,{"stream_name":"stderr","time":22.304538256,"data":"[NbConvertApp] Converting notebook __notebook__.ipynb to html\n"}
,{"stream_name":"stderr","time":23.365090664,"data":"[NbConvertApp] Writing 276757 bytes to __results__.html\n"}
]