[{"stream_name":"stderr","time":6.738535409,"data":"0.00s - Debugger warning: It seems that frozen modules are being used, which may\n"}
,{"stream_name":"stderr","time":6.738632289,"data":"0.00s - make the debugger miss breakpoints. Please pass -Xfrozen_modules=off\n"}
,{"stream_name":"stderr","time":6.7386377490000005,"data":"0.00s - to python to disable frozen modules.\n"}
,{"stream_name":"stderr","time":6.73864096,"data":"0.00s - Note: Debugging will proceed. Set PYDEVD_DISABLE_FILE_VALIDATION=1 to disable this validation.\n"}
,{"stream_name":"stderr","time":7.26647622,"data":"0.00s - Debugger warning: It seems that frozen modules are being used, which may\n"}
,{"stream_name":"stderr","time":7.26651398,"data":"0.00s - make the debugger miss breakpoints. Please pass -Xfrozen_modules=off\n"}
,{"stream_name":"stderr","time":7.26652008,"data":"0.00s - to python to disable frozen modules.\n"}
,{"stream_name":"stderr","time":7.26652433,"data":"0.00s - Note: Debugging will proceed. Set PYDEVD_DISABLE_FILE_VALIDATION=1 to disable this validation.\n"}
,{"stream_name":"stdout","time":8.439111772,"data":"================================================================================================\n"}
,{"stream_name":"stdout","time":8.439165242,"data":"NEUROGOLF BI2 TOPK COUNT FORGE 🐈‍⬛⚡\n"}
,{"stream_name":"stdout","time":8.439171342,"data":"================================================================================================\n"}
,{"stream_name":"stdout","time":8.439174952,"data":"\n"}
,{"stream_name":"stdout","time":8.439178412,"data":"PARENT BI ESTIMATE\n"}
,{"stream_name":"stdout","time":8.439181852,"data":"Estimated score           : 7270.314917700681\n"}
,{"stream_name":"stdout","time":8.439185072,"data":"\n"}
,{"stream_name":"stdout","time":8.439187952,"data":"NEW EXACT BIG ITERATION\n"}
,{"stream_name":"stdout","time":8.439190742,"data":"Changed tasks             : 12\n"}
,{"stream_name":"stdout","time":8.439194002,"data":"New cost reduction        : 1,193\n"}
,{"stream_name":"stdout","time":8.439197152,"data":"New estimated score gain  : +0.165103\n"}
,{"stream_name":"stdout","time":8.439200902,"data":"Total reduction vs anchor : 9,251\n"}
,{"stream_name":"stdout","time":8.439204912,"data":"Estimated public score    : 7270.480020536716\n"}
,{"stream_name":"stdout","time":8.439208272,"data":"\n"}
,{"stream_name":"stdout","time":8.439211582,"data":"VALIDATION\n"}
,{"stream_name":"stdout","time":8.439215352,"data":"ONNX checker               : 400/400 PASS\n"}
,{"stream_name":"stdout","time":8.439218872,"data":"Static input/output        : 400/400 PASS\n"}
,{"stream_name":"stdout","time":8.439222432,"data":"Changed-model ORT load     : 12/12 PASS\n"}
,{"stream_name":"stdout","time":8.439226612,"data":"Exact full-model trials    : 1398 PASS\n"}
,{"stream_name":"stdout","time":8.439229992,"data":"Algebraic dtype checks     : 10000 PASS\n"}
,{"stream_name":"stdout","time":8.439232962,"data":"Output mismatches          : 0\n"}
,{"stream_name":"stdout","time":8.439235852,"data":"Forbidden operators        : 0\n"}
,{"stream_name":"stdout","time":8.439238832000001,"data":"Byte-identical models      : 388/388\n"}
,{"stream_name":"stdout","time":8.439241872,"data":"\n"}
,{"stream_name":"stdout","time":8.439244692,"data":"SUBMISSION\n"}
,{"stream_name":"stdout","time":8.439247752,"data":"Models                    : 400\n"}
,{"stream_name":"stdout","time":8.439250932,"data":"Archive size              : 446,971 bytes\n"}
,{"stream_name":"stdout","time":8.439253992,"data":"Under 1 MB                : PASS\n"}
,{"stream_name":"stdout","time":8.439257122,"data":"SHA-256                   : a19a010b3e8b8fb800f1b92243df08429a1c88765034e683fd9e07efe8a2010a\n"}
,{"stream_name":"stdout","time":8.439276352,"data":"Output                    : /kaggle/working/submission.zip\n"}
,{"stream_name":"stdout","time":8.439280642,"data":"Detailed audit            : /kaggle/working/neurogolf_bi2_topk_count_forge_audit.json\n"}
,{"stream_name":"stdout","time":8.439284572,"data":"\n"}
,{"stream_name":"stdout","time":8.439287882,"data":"STATUS: PREVALIDATED EXACT BI2 CHALLENGER — READY TO SUBMIT\n"}
,{"stream_name":"stdout","time":8.439292372,"data":"================================================================================================\n"}
,{"stream_name":"stdout","time":8.439296692,"data":"{\"archive_bytes\": 446971, \"archive_sha256\": \"a19a010b3e8b8fb800f1b92243df08429a1c88765034e683fd9e07efe8a2010a\", \"changed_tasks\": [\"task018\", \"task037\", \"task079\", \"task092\", \"task107\", \"task157\", \"task191\", \"task285\", \"task308\", \"task366\", \"task382\", \"task397\"], \"estimated_public_score\": 7270.480020536716, \"new_cost_delta\": -1193, \"output\": \"/kaggle/working/submission.zip\", \"status\": \"prevalidated_exact_big_iteration_challenger\"}\n"}
,{"stream_name":"stderr","time":10.666594675,"data":"/usr/local/lib/python3.12/dist-packages/mistune.py:435: SyntaxWarning: invalid escape sequence '\\|'\n"}
,{"stream_name":"stderr","time":10.666642715,"data":"  cells[i][c] = re.sub('\\\\\\\\\\|', '|', cell)\n"}
,{"stream_name":"stderr","time":10.803879365,"data":"/usr/local/lib/python3.12/dist-packages/nbconvert/filters/filter_links.py:36: SyntaxWarning: invalid escape sequence '\\_'\n"}
,{"stream_name":"stderr","time":10.803923785,"data":"  text = re.sub(r'_', '\\_', text) # Escape underscores in display text\n"}
,{"stream_name":"stderr","time":11.613361697,"data":"[NbConvertApp] Converting notebook __notebook__.ipynb to notebook\n"}
,{"stream_name":"stderr","time":11.861347006999999,"data":"[NbConvertApp] Writing 612602 bytes to __notebook__.ipynb\n"}
,{"stream_name":"stderr","time":14.18748703,"data":"[NbConvertApp] Converting notebook __notebook__.ipynb to html\n"}
,{"stream_name":"stderr","time":14.871559851,"data":"[NbConvertApp] Writing 898911 bytes to __results__.html\n"}
]