[{"stream_name":"stderr","time":6.410290425,"data":"0.00s - Debugger warning: It seems that frozen modules are being used, which may\n"}
,{"stream_name":"stderr","time":6.410381021,"data":"0.00s - make the debugger miss breakpoints. Please pass -Xfrozen_modules=off\n"}
,{"stream_name":"stderr","time":6.410392463,"data":"0.00s - to python to disable frozen modules.\n"}
,{"stream_name":"stderr","time":6.410396279,"data":"0.00s - Note: Debugging will proceed. Set PYDEVD_DISABLE_FILE_VALIDATION=1 to disable this validation.\n"}
,{"stream_name":"stderr","time":6.995901942,"data":"0.00s - Debugger warning: It seems that frozen modules are being used, which may\n"}
,{"stream_name":"stderr","time":6.9959356,"data":"0.00s - make the debugger miss breakpoints. Please pass -Xfrozen_modules=off\n"}
,{"stream_name":"stderr","time":6.9959410349999995,"data":"0.00s - to python to disable frozen modules.\n"}
,{"stream_name":"stderr","time":6.995946231,"data":"0.00s - Note: Debugging will proceed. Set PYDEVD_DISABLE_FILE_VALIDATION=1 to disable this validation.\n"}
,{"stream_name":"stdout","time":8.099710323,"data":"BIOHUB_PRESET: exp107_density_gain_0475\n"}
,{"stream_name":"stdout","time":8.099771588,"data":"BIOHUB_SCORE_AXIS: 0.903 public LB: density-adaptive gap gain 0.0475 on threshold branch\n"}
,{"stream_name":"stdout","time":8.829220038999999,"data":"Biohub learned UNet + node-transformer + ILP submission\n"}
,{"stream_name":"stdout","time":8.829251995,"data":"COMP_DIR: /kaggle/input/competitions/biohub-cell-tracking-during-development exists: True\n"}
,{"stream_name":"stdout","time":8.829262497,"data":"TEST_DIR: /kaggle/input/competitions/biohub-cell-tracking-during-development/test exists: True\n"}
,{"stream_name":"stdout","time":8.829266316,"data":"{\n"}
,{"stream_name":"stdout","time":8.829268721,"data":"  \"adaptive_short_track_rescue\": false,\n"}
,{"stream_name":"stdout","time":8.829271354,"data":"  \"allow_artifact_fallback\": false,\n"}
,{"stream_name":"stdout","time":8.829273863000001,"data":"  \"allow_pip_install\": false,\n"}
,{"stream_name":"stdout","time":8.829276387,"data":"  \"deepcenter_checkpoint_default\": \"/kaggle/input/biohub-deepcenter-unet3d-center-prior-v1/weights/full_frame_center/checkpoint_last.pt\",\n"}
,{"stream_name":"stdout","time":8.829279328,"data":"  \"deepcenter_expected_epoch\": 0,\n"}
,{"stream_name":"stdout","time":8.829281786,"data":"  \"deepcenter_gap_add_gate\": false,\n"}
,{"stream_name":"stdout","time":8.829284138,"data":"  \"deepcenter_gap_confirm_min_span_um\": 8.0,\n"}
,{"stream_name":"stdout","time":8.829286613,"data":"  \"deepcenter_gap_threshold\": 0.2,\n"}
,{"stream_name":"stdout","time":8.829305219,"data":"  \"deepcenter_safe_div_add_gate\": false,\n"}
,{"stream_name":"stdout","time":8.829309632,"data":"  \"deepcenter_safe_div_threshold\": 0.12,\n"}
,{"stream_name":"stdout","time":8.82931357,"data":"  \"det_threshold\": 0.96875,\n"}
,{"stream_name":"stdout","time":8.829317445000001,"data":"  \"div_drop_to_single_if_bad\": true,\n"}
,{"stream_name":"stdout","time":8.829321671,"data":"  \"div_parent_max_um\": 10.5,\n"}
,{"stream_name":"stdout","time":8.829325365999999,"data":"  \"div_sister_max_um\": 8.0,\n"}
,{"stream_name":"stdout","time":8.829328878,"data":"  \"experiment_tag\": \"exp107_density_gain_0475\",\n"}
,{"stream_name":"stdout","time":8.829332588,"data":"  \"gap2_frame_frac_cap\": 0.006,\n"}
,{"stream_name":"stdout","time":8.829336282,"data":"  \"gap2_max_links_abs\": 180,\n"}
,{"stream_name":"stdout","time":8.829339849,"data":"  \"gap2_max_links_frac\": 0.0045,\n"}
,{"stream_name":"stdout","time":8.829343526,"data":"  \"gap2_max_step_um\": 4.4,\n"}
,{"stream_name":"stdout","time":8.829362073,"data":"  \"gap2_max_total_um\": 10.2,\n"}
,{"stream_name":"stdout","time":8.829366316,"data":"  \"gap2_require_context\": true,\n"}
,{"stream_name":"stdout","time":8.82936987,"data":"  \"gap_close_effective_max_gap\": 1,\n"}
,{"stream_name":"stdout","time":8.829373394,"data":"  \"gap_close_max_added_abs\": 2000,\n"}
,{"stream_name":"stdout","time":8.829376939,"data":"  \"gap_close_max_added_frac\": 0.05,\n"}
,{"stream_name":"stdout","time":8.829380572,"data":"  \"gap_close_max_gap\": 2,\n"}
,{"stream_name":"stdout","time":8.829384688,"data":"  \"gap_close_reuse_existing\": true,\n"}
,{"stream_name":"stdout","time":8.829389267,"data":"  \"gap_close_reuse_um\": 3.2,\n"}
,{"stream_name":"stdout","time":8.829393571,"data":"  \"gap_close_um\": 5.8,\n"}
,{"stream_name":"stdout","time":8.829397291,"data":"  \"gap_density_adaptive\": true,\n"}
,{"stream_name":"stdout","time":8.829400818,"data":"  \"gap_density_gain\": 0.0475,\n"}
,{"stream_name":"stdout","time":8.829404449,"data":"  \"gap_density_max_step_delta_um\": 0.125,\n"}
,{"stream_name":"stdout","time":8.829407941,"data":"  \"gap_density_neighbors\": 3,\n"}
,{"stream_name":"stdout","time":8.829411476,"data":"  \"gap_density_reference_um\": 6.5,\n"}
,{"stream_name":"stdout","time":8.829415041,"data":"  \"gap_refine_max_shift_um\": 3.2,\n"}
,{"stream_name":"stdout","time":8.829418643,"data":"  \"gap_refine_synthetic\": true,\n"}
,{"stream_name":"stdout","time":8.829422136,"data":"  \"gap_refine_win_yx\": 3,\n"}
,{"stream_name":"stdout","time":8.82942573,"data":"  \"gap_refine_win_z\": 1,\n"}
,{"stream_name":"stdout","time":8.829429308,"data":"  \"ilp_appearance_weight\": 0.1,\n"}
,{"stream_name":"stdout","time":8.829433378000001,"data":"  \"ilp_disappearance_weight\": 0.1,\n"}
,{"stream_name":"stdout","time":8.829437845,"data":"  \"ilp_division_weight\": 1.0,\n"}
,{"stream_name":"stdout","time":8.82944125,"data":"  \"ilp_edge_weight\": -1.0,\n"}
,{"stream_name":"stdout","time":8.829444568,"data":"  \"method\": \"unet_transformer\",\n"}
,{"stream_name":"stdout","time":8.82944803,"data":"  \"motion_relink_learned_bonus\": 1.0,\n"}
,{"stream_name":"stdout","time":8.829451265,"data":"  \"motion_relink_max_frame_nodes\": 2600,\n"}
,{"stream_name":"stdout","time":8.8294548,"data":"  \"motion_relink_relaxed_um\": 10.0,\n"}
,{"stream_name":"stdout","time":8.829458087,"data":"  \"motion_relink_tight_um\": 6.0,\n"}
,{"stream_name":"stdout","time":8.829461627,"data":"  \"motion_relink_velocity_weight\": 0.5,\n"}
,{"stream_name":"stdout","time":8.82946495,"data":"  \"output_division_geometry_filter\": false,\n"}
,{"stream_name":"stdout","time":8.82946839,"data":"  \"output_edge_max_um\": 14.0,\n"}
,{"stream_name":"stdout","time":8.829471722,"data":"  \"output_enforce_next_frame\": true,\n"}
,{"stream_name":"stdout","time":8.829477785,"data":"  \"output_filter_short_tracks\": true,\n"}
,{"stream_name":"stdout","time":8.829481528,"data":"  \"output_gap2_recovery\": false,\n"}
,{"stream_name":"stdout","time":8.829485911,"data":"  \"output_gap_close\": true,\n"}
,{"stream_name":"stdout","time":8.829489217,"data":"  \"output_keep_division_components\": true,\n"}
,{"stream_name":"stdout","time":8.829492408,"data":"  \"output_linefit_smooth\": true,\n"}
,{"stream_name":"stdout","time":8.829495807,"data":"  \"output_linefit_weight\": 0.8,\n"}
,{"stream_name":"stdout","time":8.829499143,"data":"  \"output_linefit_window\": 2,\n"}
,{"stream_name":"stdout","time":8.829502496,"data":"  \"output_min_track_len\": 6,\n"}
,{"stream_name":"stdout","time":8.829510822,"data":"  \"output_motion_relink\": true,\n"}
,{"stream_name":"stdout","time":8.82951498,"data":"  \"output_prune_isolated\": true,\n"}
,{"stream_name":"stdout","time":8.829518558,"data":"  \"output_safe_divisions\": true,\n"}
,{"stream_name":"stdout","time":8.829522085,"data":"  \"output_single_child_repair\": false,\n"}
,{"stream_name":"stdout","time":8.829525746,"data":"  \"output_single_parent_repair\": true,\n"}
,{"stream_name":"stdout","time":8.82952928,"data":"  \"primary_artifact_manifest\": \"/kaggle/input/datasets/pilkwang/biohub-tracking-support-pack-50ep-v1/ARTIFACT_MANIFEST.json\",\n"}
,{"stream_name":"stdout","time":8.829533206,"data":"  \"run_visual_eda\": false,\n"}
,{"stream_name":"stdout","time":8.829536647,"data":"  \"safe_div_existing_child_max_um\": 7.65,\n"}
,{"stream_name":"stdout","time":8.829540177,"data":"  \"safe_div_frame_frac_cap\": 0.0076,\n"}
,{"stream_name":"stdout","time":8.829543982,"data":"  \"safe_div_global_frac_cap\": 0.00375,\n"}
,{"stream_name":"stdout","time":8.829547785,"data":"  \"safe_div_max_um\": 4.66,\n"}
,{"stream_name":"stdout","time":8.82955131,"data":"  \"safe_div_sister_max_um\": 8.5,\n"}
,{"stream_name":"stdout","time":8.829554652,"data":"  \"short_track_rescue_max_mean_edge_dist_um\": 3.25,\n"}
,{"stream_name":"stdout","time":8.829558037,"data":"  \"short_track_rescue_max_nodes_abs\": 180,\n"}
,{"stream_name":"stdout","time":8.829579438,"data":"  \"short_track_rescue_max_nodes_frac\": 0.018,\n"}
,{"stream_name":"stdout","time":8.829583046,"data":"  \"short_track_rescue_min_len\": 4,\n"}
,{"stream_name":"stdout","time":8.829586503,"data":"  \"short_track_rescue_min_mean_edge_prob\": 0.82,\n"}
,{"stream_name":"stdout","time":8.829590191,"data":"  \"short_track_rescue_trigger_removed_frac\": 0.1,\n"}
,{"stream_name":"stdout","time":8.829593781,"data":"  \"slice\": \"\",\n"}
,{"stream_name":"stdout","time":8.829597248,"data":"  \"target_artifact_slug\": \"biohub-tracking-support-pack-50ep-v1\",\n"}
,{"stream_name":"stdout","time":8.829600603,"data":"  \"unet_batch_size\": 4,\n"}
,{"stream_name":"stdout","time":8.829604014,"data":"  \"use_deepcenter_add_only_gate\": false,\n"}
,{"stream_name":"stdout","time":8.829607516,"data":"  \"use_ilp\": true,\n"}
,{"stream_name":"stdout","time":8.829611036,"data":"  \"weights\": \"weights/unet_transformer/split_0/edge_predictor_best.pth\"\n"}
,{"stream_name":"stdout","time":8.829614682999999,"data":"}\n"}
,{"stream_name":"stdout","time":9.033556415,"data":"ARTIFACTS: /kaggle/input/datasets/pilkwang/biohub-tracking-support-pack-50ep-v1\n"}
,{"stream_name":"stdout","time":9.033590751,"data":"Has offline wheels: True\n"}
,{"stream_name":"stdout","time":9.033595373,"data":"Artifact name: biohub-tracking-support-pack-400ep-snapshot-v1\n"}
,{"stream_name":"stdout","time":9.033599208,"data":"Weight sha256: 12f6881ee3620a831697ca098ff8f48e687a24225f4e048b538deec3562fe771\n"}
,{"stream_name":"stdout","time":9.033603029,"data":"Weight path: weights/unet_transformer/split_0/edge_predictor_best.pth\n"}
,{"stream_name":"stdout","time":9.774111226,"data":"Installing missing packages from offline package dirs: ['polars']\n"}
,{"stream_name":"stdout","time":9.774158431,"data":"Dependency resolver is disabled with --no-deps to avoid replacing Kaggle numpy/scipy in a live kernel.\n"}
,{"stream_name":"stdout","time":9.774164603,"data":"Offline package dirs: ['/kaggle/input/datasets/pilkwang/biohub-tracking-support-pack-50ep-v1/wheels']\n"}
,{"stream_name":"stdout","time":15.922346244,"data":"Offline dependency install succeeded.\n"}
,{"stream_name":"stdout","time":15.922385463,"data":"Installing missing packages from offline package dirs: ['tracksdata', 'zarr', 'pyscipopt', 'geff', 'geff_spec', 'ilpy', 'imagecodecs', 'rustworkx', 'numcodecs', 'donfig', 'bidict']\n"}
,{"stream_name":"stdout","time":15.92240886,"data":"Dependency resolver is disabled with --no-deps to avoid replacing Kaggle numpy/scipy in a live kernel.\n"}
,{"stream_name":"stdout","time":15.922425134000001,"data":"Offline package dirs: ['/kaggle/input/datasets/pilkwang/biohub-tracking-support-pack-50ep-v1/wheels']\n"}
,{"stream_name":"stdout","time":38.213493189,"data":"Offline dependency install succeeded.\n"}
,{"stream_name":"stderr","time":45.690640463,"data":"/usr/local/lib/python3.12/dist-packages/dask/array/image.py:7: FutureWarning: `find_available_plugins` is deprecated since version 0.25 and will be removed in version 0.27. The plugin infrastructure of `skimage.io` is deprecated. Instead, use `imageio` or other I/O packages directly.\n"}
,{"stream_name":"stderr","time":45.690690844,"data":"  from skimage.io import imread as sk_imread\n"}
,{"stream_name":"stderr","time":45.690698807,"data":"/usr/lib/python3.12/importlib/__init__.py:90: FutureWarning: `reset_plugins` is deprecated since version 0.25 and will be removed in version 0.27. The plugin infrastructure of `skimage.io` is deprecated. Instead, use `imageio` or other I/O packages directly.\n"}
,{"stream_name":"stderr","time":45.690705389,"data":"  return _bootstrap._gcd_import(name[level:], package, level)\n"}
,{"stream_name":"stderr","time":45.69071073,"data":"\n"}
,{"stream_name":"stderr","time":45.690716015,"data":"/usr/local/lib/python3.12/dist-packages/dask/array/image.py:7: FutureWarning: `find_available_plugins` is deprecated since version 0.25 and will be removed in version 0.27. The plugin infrastructure of `skimage.io` is deprecated. Instead, use `imageio` or other I/O packages directly.\n"}
,{"stream_name":"stderr","time":45.690726107,"data":"  from skimage.io import imread as sk_imread\n"}
,{"stream_name":"stderr","time":45.690729958,"data":"/usr/lib/python3.12/importlib/__init__.py:90: FutureWarning: `reset_plugins` is deprecated since version 0.25 and will be removed in version 0.27. The plugin infrastructure of `skimage.io` is deprecated. Instead, use `imageio` or other I/O packages directly.\n"}
,{"stream_name":"stderr","time":45.690734097,"data":"  return _bootstrap._gcd_import(name[level:], package, level)\n"}
,{"stream_name":"stdout","time":45.769790615,"data":"Required graph/Zarr/ILP packages import successfully.\n"}
,{"stream_name":"stdout","time":45.769819466,"data":"Inference repo: /kaggle/working/tracking_repo\n"}
,{"stream_name":"stdout","time":45.769844814,"data":"Weights: /kaggle/working/tracking_repo/weights/unet_transformer/split_0/edge_predictor_best.pth\n"}
,{"stream_name":"stdout","time":49.784994376,"data":"torch 2.10.0+cu128 cuda True\n"}
,{"stream_name":"stdout","time":49.822822603,"data":"device=cuda Tesla T4\n"}
,{"stream_name":"stdout","time":49.981240993,"data":"TTA patch applied (400ep spatial D4-style)\n"}
,{"stream_name":"stdout","time":49.981276391,"data":"Found 4 test videos\n"}
,{"stream_name":"stdout","time":49.981281407,"data":"['44b6_0113de3b', '44b6_0b24845f', '6bba_05b6850b', '6bba_05db0fb1']\n"}
,{"stream_name":"stdout","time":49.981286664,"data":"/usr/bin/python3 scripts/predict_unet_transformer.py --data-dir /kaggle/input/competitions/biohub-cell-tracking-during-development/test --splits kaggle_test_splits_50ep.json --split 0 --weights weights/unet_transformer/split_0/edge_predictor_best.pth --unet-batch-size 4 --det-threshold 0.96875 --ilp-edge-weight -1.0 --ilp-appearance-weight 0.1 --ilp-disappearance-weight 0.1 --ilp-division-weight 1.0 --use-ilp\n"}
,{"stream_name":"stderr","time":55.292825819,"data":"/usr/local/lib/python3.12/dist-packages/dask/array/image.py:7: FutureWarning: `find_available_plugins` is deprecated since version 0.25 and will be removed in version 0.27. The plugin infrastructure of `skimage.io` is deprecated. Instead, use `imageio` or other I/O packages directly.\n"}
,{"stream_name":"stderr","time":55.292881594,"data":"  from skimage.io import imread as sk_imread\n"}
,{"stream_name":"stderr","time":55.297831973,"data":"/usr/lib/python3.12/importlib/__init__.py:90: FutureWarning: `reset_plugins` is deprecated since version 0.25 and will be removed in version 0.27. The plugin infrastructure of `skimage.io` is deprecated. Instead, use `imageio` or other I/O packages directly.\n"}
,{"stream_name":"stderr","time":55.297850649,"data":"  return _bootstrap._gcd_import(name[level:], package, level)\n"}
,{"stream_name":"stderr","time":55.495064619,"data":"/usr/local/lib/python3.12/dist-packages/dask/array/image.py:7: FutureWarning: `find_available_plugins` is deprecated since version 0.25 and will be removed in version 0.27. The plugin infrastructure of `skimage.io` is deprecated. Instead, use `imageio` or other I/O packages directly.\n"}
,{"stream_name":"stderr","time":55.495092688,"data":"  from skimage.io import imread as sk_imread\n"}
,{"stream_name":"stderr","time":55.495098401999996,"data":"/usr/lib/python3.12/importlib/__init__.py:90: FutureWarning: `reset_plugins` is deprecated since version 0.25 and will be removed in version 0.27. The plugin infrastructure of `skimage.io` is deprecated. Instead, use `imageio` or other I/O packages directly.\n"}
,{"stream_name":"stderr","time":55.495121288,"data":"  return _bootstrap._gcd_import(name[level:], package, level)\n"}
,{"stream_name":"stderr","time":55.49512621,"data":"\n"}
,{"stream_name":"stderr","time":55.495133365,"data":"/usr/local/lib/python3.12/dist-packages/dask/array/image.py:7: FutureWarning: `find_available_plugins` is deprecated since version 0.25 and will be removed in version 0.27. The plugin infrastructure of `skimage.io` is deprecated. Instead, use `imageio` or other I/O packages directly.\n"}
,{"stream_name":"stderr","time":55.495138489,"data":"  from skimage.io import imread as sk_imread\n"}
,{"stream_name":"stderr","time":55.495143791,"data":"/usr/lib/python3.12/importlib/__init__.py:90: FutureWarning: `reset_plugins` is deprecated since version 0.25 and will be removed in version 0.27. The plugin infrastructure of `skimage.io` is deprecated. Instead, use `imageio` or other I/O packages directly.\n"}
,{"stream_name":"stderr","time":55.495148886,"data":"  return _bootstrap._gcd_import(name[level:], package, level)\n"}
,{"stream_name":"stdout","time":55.916004065,"data":"Fold 0: 4 datasets | weights=weights/unet_transformer/split_0/edge_predictor_best.pth | device=cuda | window_size=2 | pool_kernel_um=3.0\n"}
,{"stream_name":"stdout","time":56.118293911,"data":"Fold 0: 4 datasets | weights=weights/unet_transformer/split_0/edge_predictor_best.pth | device=cuda | window_size=2 | pool_kernel_um=3.0\n"}
,{"stream_name":"stdout","time":604.273604818,"data":"Saved 4 predictions to /kaggle/working/tracking_repo/predictions/unknown/unet_transformer/split_0\n"}
,{"stream_name":"stdout","time":604.482574918,"data":"Saved 4 predictions to /kaggle/working/tracking_repo/predictions/unknown/unet_transformer/split_0\n"}
,{"stream_name":"stdout","time":607.702261508,"data":"Prediction completed in 9.30 minutes\n"}
,{"stream_name":"stdout","time":608.138015256,"data":"DeepCenter add-only repair gate disabled by configuration.\n"}
,{"stream_name":"stdout","time":608.138050821,"data":"Found 4 prediction graphs\n"}
,{"stream_name":"stdout","time":876.014072264,"data":"Wrote /kaggle/working/submission.csv with 252,696 rows\n"}
,{"stream_name":"stdout","time":876.014122142,"data":"Node rows: 128,616 | edge rows: 124,080\n"}
,{"stream_name":"stdout","time":876.014140452,"data":"Wrote /kaggle/working/run_stats.csv\n"}
,{"stream_name":"stdout","time":876.105348702,"data":"\n"}
,{"stream_name":"stdout","time":876.105380803,"data":"＊＊＊＊＊ GPT FEEDBACK START ＊＊＊＊＊\n"}
,{"stream_name":"stdout","time":876.105388659,"data":"Notebook: biohub_exp107_threshold096875_plus_density_gap\n"}
,{"stream_name":"stdout","time":876.105396844,"data":"Base: 0.903 public gap-5.8 anchor\n"}
,{"stream_name":"stdout","time":876.105399901,"data":"Strategy: lower detection threshold combined with density-adaptive gap repair; adaptive short-track rescue disabled\n"}
,{"stream_name":"stdout","time":876.105402594,"data":"Additional private model dependency: none\n"}
,{"stream_name":"stdout","time":876.105405184,"data":"Prediction minutes: 9.30\n"}
,{"stream_name":"stdout","time":876.105407707,"data":"Rows: 252696\n"}
,{"stream_name":"stdout","time":876.105410611,"data":"Node rows: 128616\n"}
,{"stream_name":"stdout","time":876.105413122,"data":"Edge rows: 124080\n"}
,{"stream_name":"stdout","time":876.105415618,"data":"SHA256: c8429be1242e8bfb342e46e66620d491b87674ab73aa45e6a59a5c345a528029\n"}
,{"stream_name":"stdout","time":876.105418196,"data":"Difference vs 0.903 anchor:\n"}
,{"stream_name":"stdout","time":876.105420694,"data":"- Rows delta: +796\n"}
,{"stream_name":"stdout","time":876.105423114,"data":"- Node delta: +399\n"}
,{"stream_name":"stdout","time":876.10542551,"data":"- Edge delta: +397\n"}
,{"stream_name":"stdout","time":876.105427961,"data":"Experimental activation count: 136\n"}
,{"stream_name":"stdout","time":876.105430523,"data":"Per-dataset key statistics:\n"}
,{"stream_name":"stdout","time":876.105433094,"data":"      dataset  nodes  edges  gap_candidates  gap_pairs_selected  gap_density_nodes_scored  gap_density_candidates_expanded  gap_density_candidates_restricted  gap_density_selected_outside_base\n"}
,{"stream_name":"stdout","time":876.105437022,"data":"44b6_0113de3b  25468  24710             116                 100                     25382                                2                                  0                                  2\n"}
,{"stream_name":"stdout","time":876.105439861,"data":"44b6_0b24845f  24525  23013            1545                1048                     27292                               94                                  0                                 37\n"}
,{"stream_name":"stdout","time":876.105442612,"data":"6bba_05b6850b   6365   6137              77                  65                      6439                                3                                  0                                  1\n"}
,{"stream_name":"stdout","time":876.105445355,"data":"6bba_05db0fb1  72258  70220            1229                 811                     71572                               37                                  0                                 15\n"}
,{"stream_name":"stdout","time":876.105448114,"data":"Submit recommendation: SUBMIT CANDIDATE\n"}
,{"stream_name":"stdout","time":876.105450616,"data":"＊＊＊＊＊ GPT FEEDBACK END ＊＊＊＊＊\n"}
,{"stream_name":"stderr","time":881.562731953,"data":"/usr/local/lib/python3.12/dist-packages/mistune.py:435: SyntaxWarning: invalid escape sequence '\\|'\n"}
,{"stream_name":"stderr","time":881.562770302,"data":"  cells[i][c] = re.sub('\\\\\\\\\\|', '|', cell)\n"}
,{"stream_name":"stderr","time":881.706020598,"data":"/usr/local/lib/python3.12/dist-packages/nbconvert/filters/filter_links.py:36: SyntaxWarning: invalid escape sequence '\\_'\n"}
,{"stream_name":"stderr","time":881.706049535,"data":"  text = re.sub(r'_', '\\_', text) # Escape underscores in display text\n"}
,{"stream_name":"stderr","time":882.422968402,"data":"[NbConvertApp] Converting notebook __notebook__.ipynb to notebook\n"}
,{"stream_name":"stderr","time":882.757906776,"data":"[NbConvertApp] Writing 178023 bytes to __notebook__.ipynb\n"}
,{"stream_name":"stderr","time":885.652330705,"data":"[NbConvertApp] Converting notebook __notebook__.ipynb to html\n"}
,{"stream_name":"stderr","time":887.040897967,"data":"[NbConvertApp] Writing 814076 bytes to __results__.html\n"}
]