[{"stream_name":"stderr","time":7.303766806,"data":"0.00s - Debugger warning: It seems that frozen modules are being used, which may\n"}
,{"stream_name":"stderr","time":7.303852568,"data":"0.00s - make the debugger miss breakpoints. Please pass -Xfrozen_modules=off\n"}
,{"stream_name":"stderr","time":7.303859544,"data":"0.00s - to python to disable frozen modules.\n"}
,{"stream_name":"stderr","time":7.303863581,"data":"0.00s - Note: Debugging will proceed. Set PYDEVD_DISABLE_FILE_VALIDATION=1 to disable this validation.\n"}
,{"stream_name":"stderr","time":7.9100171580000005,"data":"0.00s - Debugger warning: It seems that frozen modules are being used, which may\n"}
,{"stream_name":"stderr","time":7.910062192,"data":"0.00s - make the debugger miss breakpoints. Please pass -Xfrozen_modules=off\n"}
,{"stream_name":"stderr","time":7.910069103,"data":"0.00s - to python to disable frozen modules.\n"}
,{"stream_name":"stderr","time":7.910073404,"data":"0.00s - Note: Debugging will proceed. Set PYDEVD_DISABLE_FILE_VALIDATION=1 to disable this validation.\n"}
,{"stream_name":"stdout","time":9.838261449,"data":"Thanks to the original and best public Biohub kernels. This fork keeps only code, removes visual overhead, and focuses on stable score-oriented post-processing.\n"}
,{"stream_name":"stdout","time":9.838317192,"data":"Biohub learned UNet + node-transformer + ILP submission\n"}
,{"stream_name":"stdout","time":9.838322742999999,"data":"COMP_DIR: /kaggle/input/competitions/biohub-cell-tracking-during-development exists: True\n"}
,{"stream_name":"stdout","time":9.838326415000001,"data":"TEST_DIR: /kaggle/input/competitions/biohub-cell-tracking-during-development/test exists: True\n"}
,{"stream_name":"stdout","time":9.838330167,"data":"{\n"}
,{"stream_name":"stdout","time":9.838333326,"data":"  \"allow_artifact_fallback\": false,\n"}
,{"stream_name":"stdout","time":9.838337212,"data":"  \"allow_pip_install\": false,\n"}
,{"stream_name":"stdout","time":9.838340798,"data":"  \"det_threshold\": 0.99,\n"}
,{"stream_name":"stdout","time":9.838343972,"data":"  \"div_drop_to_single_if_bad\": true,\n"}
,{"stream_name":"stdout","time":9.838347447,"data":"  \"div_parent_max_um\": 10.5,\n"}
,{"stream_name":"stdout","time":9.83835104,"data":"  \"div_sister_max_um\": 8.0,\n"}
,{"stream_name":"stdout","time":9.838354818,"data":"  \"experiment_tag\": \"050_lb891_safe_div_precision_final_submit\",\n"}
,{"stream_name":"stdout","time":9.838358978,"data":"  \"gap2_frame_frac_cap\": 0.0045,\n"}
,{"stream_name":"stdout","time":9.838362383,"data":"  \"gap2_max_links_abs\": 140,\n"}
,{"stream_name":"stdout","time":9.838365637999999,"data":"  \"gap2_max_links_frac\": 0.0032,\n"}
,{"stream_name":"stdout","time":9.838368924,"data":"  \"gap2_max_step_um\": 4.05,\n"}
,{"stream_name":"stdout","time":9.838372288,"data":"  \"gap2_max_total_um\": 9.7,\n"}
,{"stream_name":"stdout","time":9.838376012,"data":"  \"gap2_require_context\": true,\n"}
,{"stream_name":"stdout","time":9.83837944,"data":"  \"gap_close_effective_max_gap\": 1,\n"}
,{"stream_name":"stdout","time":9.838382978,"data":"  \"gap_close_max_added_abs\": 2200,\n"}
,{"stream_name":"stdout","time":9.838386331,"data":"  \"gap_close_max_added_frac\": 0.052,\n"}
,{"stream_name":"stdout","time":9.838390307,"data":"  \"gap_close_max_gap\": 1,\n"}
,{"stream_name":"stdout","time":9.838393738,"data":"  \"gap_close_reuse_existing\": true,\n"}
,{"stream_name":"stdout","time":9.838397863,"data":"  \"gap_close_reuse_um\": 3.4,\n"}
,{"stream_name":"stdout","time":9.83840237,"data":"  \"gap_close_um\": 6.2,\n"}
,{"stream_name":"stdout","time":9.838405695,"data":"  \"gap_refine_max_shift_um\": 3.1,\n"}
,{"stream_name":"stdout","time":9.838422954,"data":"  \"gap_refine_synthetic\": true,\n"}
,{"stream_name":"stdout","time":9.838427306,"data":"  \"gap_refine_win_yx\": 3,\n"}
,{"stream_name":"stdout","time":9.838431107,"data":"  \"gap_refine_win_z\": 1,\n"}
,{"stream_name":"stdout","time":9.838434951,"data":"  \"ilp_appearance_weight\": 0.1,\n"}
,{"stream_name":"stdout","time":9.838437959,"data":"  \"ilp_disappearance_weight\": 0.1,\n"}
,{"stream_name":"stdout","time":9.83844138,"data":"  \"ilp_division_weight\": 1.0,\n"}
,{"stream_name":"stdout","time":9.838444875,"data":"  \"ilp_edge_weight\": -1.0,\n"}
,{"stream_name":"stdout","time":9.83844811,"data":"  \"method\": \"unet_transformer\",\n"}
,{"stream_name":"stdout","time":9.83845135,"data":"  \"motion_relink_learned_bonus\": 0.78,\n"}
,{"stream_name":"stdout","time":9.838454313,"data":"  \"motion_relink_max_frame_nodes\": 2800,\n"}
,{"stream_name":"stdout","time":9.838457425,"data":"  \"motion_relink_relaxed_um\": 10.4,\n"}
,{"stream_name":"stdout","time":9.83846053,"data":"  \"motion_relink_tight_um\": 6.2,\n"}
,{"stream_name":"stdout","time":9.838463706,"data":"  \"motion_relink_velocity_weight\": 0.52,\n"}
,{"stream_name":"stdout","time":9.838467123000001,"data":"  \"output_division_geometry_filter\": false,\n"}
,{"stream_name":"stdout","time":9.838470771,"data":"  \"output_edge_max_um\": 14.5,\n"}
,{"stream_name":"stdout","time":9.838474593,"data":"  \"output_enforce_next_frame\": true,\n"}
,{"stream_name":"stdout","time":9.838478456,"data":"  \"output_filter_short_tracks\": false,\n"}
,{"stream_name":"stdout","time":9.83848227,"data":"  \"output_gap2_recovery\": true,\n"}
,{"stream_name":"stdout","time":9.838486422999999,"data":"  \"output_gap_close\": true,\n"}
,{"stream_name":"stdout","time":9.838490216,"data":"  \"output_keep_division_components\": true,\n"}
,{"stream_name":"stdout","time":9.838494009,"data":"  \"output_linefit_smooth\": true,\n"}
,{"stream_name":"stdout","time":9.838497378,"data":"  \"output_linefit_weight\": 0.72,\n"}
,{"stream_name":"stdout","time":9.838501137,"data":"  \"output_linefit_window\": 2,\n"}
,{"stream_name":"stdout","time":9.838504932,"data":"  \"output_min_track_len\": 4,\n"}
,{"stream_name":"stdout","time":9.838508671,"data":"  \"output_motion_relink\": true,\n"}
,{"stream_name":"stdout","time":9.83851278,"data":"  \"output_prune_isolated\": true,\n"}
,{"stream_name":"stdout","time":9.838516187,"data":"  \"output_safe_divisions\": true,\n"}
,{"stream_name":"stdout","time":9.838519871999999,"data":"  \"output_single_child_repair\": false,\n"}
,{"stream_name":"stdout","time":9.838525629,"data":"  \"output_single_parent_repair\": true,\n"}
,{"stream_name":"stdout","time":9.838529638,"data":"  \"preset\": \"safe_div_precision_050\",\n"}
,{"stream_name":"stdout","time":9.838533305,"data":"  \"primary_artifact_manifest\": \"/kaggle/input/datasets/pilkwang/biohub-tracking-support-pack-50ep-v1/ARTIFACT_MANIFEST.json\",\n"}
,{"stream_name":"stdout","time":9.838537491,"data":"  \"run_visual_eda\": false,\n"}
,{"stream_name":"stdout","time":9.838541137,"data":"  \"safe_div_existing_child_max_um\": 7.45,\n"}
,{"stream_name":"stdout","time":9.838545024,"data":"  \"safe_div_frame_frac_cap\": 0.0072,\n"}
,{"stream_name":"stdout","time":9.838549252,"data":"  \"safe_div_global_frac_cap\": 0.00375,\n"}
,{"stream_name":"stdout","time":9.838553309,"data":"  \"safe_div_max_um\": 4.7,\n"}
,{"stream_name":"stdout","time":9.838556782,"data":"  \"safe_div_sister_max_um\": 6.85,\n"}
,{"stream_name":"stdout","time":9.838560542,"data":"  \"slice\": \"\",\n"}
,{"stream_name":"stdout","time":9.83857018,"data":"  \"target_artifact_slug\": \"biohub-tracking-support-pack-50ep-v1\",\n"}
,{"stream_name":"stdout","time":9.83857432,"data":"  \"unet_batch_size\": 4,\n"}
,{"stream_name":"stdout","time":9.838578156,"data":"  \"use_ilp\": true,\n"}
,{"stream_name":"stdout","time":9.838581886,"data":"  \"weights\": \"weights/unet_transformer/split_0/edge_predictor_best.pth\"\n"}
,{"stream_name":"stdout","time":9.838586073,"data":"}\n"}
,{"stream_name":"stdout","time":10.072294699,"data":"ARTIFACTS: /kaggle/input/datasets/pilkwang/biohub-tracking-support-pack-50ep-v1\n"}
,{"stream_name":"stdout","time":10.072348556,"data":"Has offline wheels: True\n"}
,{"stream_name":"stdout","time":10.072358059,"data":"Artifact name: biohub-tracking-support-pack-250ep-v1\n"}
,{"stream_name":"stdout","time":10.072362302,"data":"Weight sha256: 12b5d32ad8982e4736f74c41bc54403094917fe75f5a9f78b1b5aad41de26877\n"}
,{"stream_name":"stdout","time":10.072366357,"data":"Weight path: weights/unet_transformer/split_0/edge_predictor_best.pth\n"}
,{"stream_name":"stdout","time":10.759646801,"data":"Installing missing packages from offline package dirs: ['polars']\n"}
,{"stream_name":"stdout","time":10.759702407,"data":"Dependency resolver is disabled with --no-deps to avoid replacing Kaggle numpy/scipy in a live kernel.\n"}
,{"stream_name":"stdout","time":10.75971351,"data":"Offline package dirs: ['/kaggle/input/datasets/pilkwang/biohub-tracking-support-pack-50ep-v1/wheels']\n"}
,{"stream_name":"stdout","time":17.36805602,"data":"Offline dependency install succeeded.\n"}
,{"stream_name":"stdout","time":17.368105476,"data":"Installing missing packages from offline package dirs: ['tracksdata', 'zarr', 'pyscipopt', 'geff', 'geff_spec', 'ilpy', 'imagecodecs', 'rustworkx', 'numcodecs', 'donfig', 'bidict']\n"}
,{"stream_name":"stdout","time":17.368115662,"data":"Dependency resolver is disabled with --no-deps to avoid replacing Kaggle numpy/scipy in a live kernel.\n"}
,{"stream_name":"stdout","time":17.368118703,"data":"Offline package dirs: ['/kaggle/input/datasets/pilkwang/biohub-tracking-support-pack-50ep-v1/wheels']\n"}
,{"stream_name":"stdout","time":44.38243122,"data":"Offline dependency install succeeded.\n"}
,{"stream_name":"stderr","time":52.199331122,"data":"/usr/local/lib/python3.12/dist-packages/dask/array/image.py:7: FutureWarning: `find_available_plugins` is deprecated since version 0.25 and will be removed in version 0.27. The plugin infrastructure of `skimage.io` is deprecated. Instead, use `imageio` or other I/O packages directly.\n"}
,{"stream_name":"stderr","time":52.19936034,"data":"  from skimage.io import imread as sk_imread\n"}
,{"stream_name":"stderr","time":52.199366231,"data":"/usr/lib/python3.12/importlib/__init__.py:90: FutureWarning: `reset_plugins` is deprecated since version 0.25 and will be removed in version 0.27. The plugin infrastructure of `skimage.io` is deprecated. Instead, use `imageio` or other I/O packages directly.\n"}
,{"stream_name":"stderr","time":52.199371761,"data":"  return _bootstrap._gcd_import(name[level:], package, level)\n"}
,{"stream_name":"stderr","time":52.199376523,"data":"\n"}
,{"stream_name":"stderr","time":52.199380826,"data":"/usr/local/lib/python3.12/dist-packages/dask/array/image.py:7: FutureWarning: `find_available_plugins` is deprecated since version 0.25 and will be removed in version 0.27. The plugin infrastructure of `skimage.io` is deprecated. Instead, use `imageio` or other I/O packages directly.\n"}
,{"stream_name":"stderr","time":52.199386172,"data":"  from skimage.io import imread as sk_imread\n"}
,{"stream_name":"stderr","time":52.199390827,"data":"/usr/lib/python3.12/importlib/__init__.py:90: FutureWarning: `reset_plugins` is deprecated since version 0.25 and will be removed in version 0.27. The plugin infrastructure of `skimage.io` is deprecated. Instead, use `imageio` or other I/O packages directly.\n"}
,{"stream_name":"stderr","time":52.199406042,"data":"  return _bootstrap._gcd_import(name[level:], package, level)\n"}
,{"stream_name":"stdout","time":52.281859174,"data":"Required graph/Zarr/ILP packages import successfully.\n"}
,{"stream_name":"stdout","time":52.281899575,"data":"Inference repo: /kaggle/working/tracking_repo\n"}
,{"stream_name":"stdout","time":52.281905604,"data":"Weights: /kaggle/working/tracking_repo/weights/unet_transformer/split_0/edge_predictor_best.pth\n"}
,{"stream_name":"stdout","time":52.418688645,"data":"Found 4 test videos\n"}
,{"stream_name":"stdout","time":52.418737671,"data":"Test stems: ['44b6_0113de3b', '44b6_0b24845f', '6bba_05b6850b', '6bba_05db0fb1']\n"}
,{"stream_name":"stdout","time":52.418743773,"data":"Prediction attempt | batch_size=4 | preset=safe_div_precision_050\n"}
,{"stream_name":"stdout","time":52.418748718,"data":"/usr/bin/python3 scripts/predict_unet_transformer.py --data-dir /kaggle/input/competitions/biohub-cell-tracking-during-development/test --splits kaggle_test_splits_50ep.json --split 0 --weights weights/unet_transformer/split_0/edge_predictor_best.pth --unet-batch-size 4 --det-threshold 0.99 --ilp-edge-weight -1.0 --ilp-appearance-weight 0.1 --ilp-disappearance-weight 0.1 --ilp-division-weight 1.0 --use-ilp\n"}
,{"stream_name":"stderr","time":59.611365146,"data":"/usr/local/lib/python3.12/dist-packages/dask/array/image.py:7: FutureWarning: `find_available_plugins` is deprecated since version 0.25 and will be removed in version 0.27. The plugin infrastructure of `skimage.io` is deprecated. Instead, use `imageio` or other I/O packages directly.\n"}
,{"stream_name":"stderr","time":59.611398908,"data":"  from skimage.io import imread as sk_imread\n"}
,{"stream_name":"stderr","time":59.617303482,"data":"/usr/lib/python3.12/importlib/__init__.py:90: FutureWarning: `reset_plugins` is deprecated since version 0.25 and will be removed in version 0.27. The plugin infrastructure of `skimage.io` is deprecated. Instead, use `imageio` or other I/O packages directly.\n"}
,{"stream_name":"stderr","time":59.61732987,"data":"  return _bootstrap._gcd_import(name[level:], package, level)\n"}
,{"stream_name":"stderr","time":59.813872592,"data":"/usr/local/lib/python3.12/dist-packages/dask/array/image.py:7: FutureWarning: `find_available_plugins` is deprecated since version 0.25 and will be removed in version 0.27. The plugin infrastructure of `skimage.io` is deprecated. Instead, use `imageio` or other I/O packages directly.\n"}
,{"stream_name":"stderr","time":59.813920454,"data":"  from skimage.io import imread as sk_imread\n"}
,{"stream_name":"stderr","time":59.813926565,"data":"/usr/lib/python3.12/importlib/__init__.py:90: FutureWarning: `reset_plugins` is deprecated since version 0.25 and will be removed in version 0.27. The plugin infrastructure of `skimage.io` is deprecated. Instead, use `imageio` or other I/O packages directly.\n"}
,{"stream_name":"stderr","time":59.813931498,"data":"  return _bootstrap._gcd_import(name[level:], package, level)\n"}
,{"stream_name":"stderr","time":59.813935077,"data":"\n"}
,{"stream_name":"stderr","time":59.813938962,"data":"/usr/local/lib/python3.12/dist-packages/dask/array/image.py:7: FutureWarning: `find_available_plugins` is deprecated since version 0.25 and will be removed in version 0.27. The plugin infrastructure of `skimage.io` is deprecated. Instead, use `imageio` or other I/O packages directly.\n"}
,{"stream_name":"stderr","time":59.813943508,"data":"  from skimage.io import imread as sk_imread\n"}
,{"stream_name":"stderr","time":59.813946744,"data":"/usr/lib/python3.12/importlib/__init__.py:90: FutureWarning: `reset_plugins` is deprecated since version 0.25 and will be removed in version 0.27. The plugin infrastructure of `skimage.io` is deprecated. Instead, use `imageio` or other I/O packages directly.\n"}
,{"stream_name":"stderr","time":59.813965901,"data":"  return _bootstrap._gcd_import(name[level:], package, level)\n"}
,{"stream_name":"stdout","time":60.688255821,"data":"Fold 0: 4 datasets | weights=weights/unet_transformer/split_0/edge_predictor_best.pth | device=cuda | window_size=2 | pool_kernel_um=3.0\n"}
,{"stream_name":"stdout","time":60.89029204,"data":"Fold 0: 4 datasets | weights=weights/unet_transformer/split_0/edge_predictor_best.pth | device=cuda | window_size=2 | pool_kernel_um=3.0\n"}
,{"stream_name":"stdout","time":466.619437686,"data":"Saved 4 predictions to /kaggle/working/tracking_repo/predictions/unknown/unet_transformer/split_0\n"}
,{"stream_name":"stdout","time":466.828504629,"data":"Saved 4 predictions to /kaggle/working/tracking_repo/predictions/unknown/unet_transformer/split_0\n"}
,{"stream_name":"stdout","time":470.324389521,"data":"Prediction completed in 6.97 minutes | effective_batch_size=4\n"}
,{"stream_name":"stdout","time":470.824084997,"data":"Found 4 prediction graphs\n"}
,{"stream_name":"stdout","time":683.394925104,"data":"Wrote /kaggle/working/submission.csv with 262,359 rows\n"}
,{"stream_name":"stdout","time":683.394978852,"data":"Node rows: 134,238 | edge rows: 128,121\n"}
,{"stream_name":"stdout","time":683.394987929,"data":"Wrote /kaggle/working/run_stats.csv\n"}
,{"stream_name":"stdout","time":683.394994416,"data":"\n"}
,{"stream_name":"stdout","time":683.395000024,"data":"Run stats by dataset:\n"}
,{"stream_name":"stdout","time":683.395006203,"data":"      dataset  raw_nodes  nodes  raw_edges  edges  division_like_sources  gap_added_nodes  gap_added_edges  gap2_added_nodes  gap2_added_edges  safe_divisions_added  linefit_smoothed_nodes  pruned_isolated_nodes\n"}
,{"stream_name":"stdout","time":683.395014844,"data":"44b6_0113de3b      25760  25923      24647  25050                     36              113              226                54                81                    36                   25847                      4\n"}
,{"stream_name":"stdout","time":683.395021711,"data":"44b6_0b24845f      27504  28629      22467  26149                     98              994             1988               166               249                    98                   27654                     35\n"}
,{"stream_name":"stdout","time":683.395029551,"data":"6bba_05b6850b       6618   6700       6146   6385                     21               50              100                34                51                    21                    6618                      2\n"}
,{"stream_name":"stdout","time":683.395036188,"data":"6bba_05db0fb1      71915  72986      65732  70537                    226              943             1886               148               222                   226                   72632                     20\n"}
,{"stream_name":"stdout","time":683.395042686,"data":"\n"}
,{"stream_name":"stdout","time":683.395048931,"data":"Numeric run summary:\n"}
,{"stream_name":"stdout","time":683.395058582,"data":"        raw_nodes      nodes  raw_edges      edges  division_like_sources  edge_to_node_ratio  gap_added_nodes_frac  dropped_nonconsecutive_edges  dropped_long_edges  dropped_multi_parent_edges  dropped_multi_child_edges  dropped_division_edges  gap_candidates  gap_pairs_selected  gap_reused_existing  gap_inserted_synthetic  gap_added_nodes  gap_added_edges  gap_skipped_node_cap  gap_refined_synthetic  gap_refine_failed  gap_refine_rejected_shift  pruned_isolated_nodes  motion_relink_edges  motion_relink_tight_edges  motion_relink_relaxed_edges  motion_relink_frames  motion_relink_replaced_raw_edges  motion_relink_fallback_raw  motion_relink_skipped_large_frame  gap2_candidates  gap2_pairs_selected  gap2_added_nodes  gap2_added_edges  gap2_skipped_cap  safe_division_candidates  safe_divisions_added  safe_division_skipped_cap  short_track_components_removed  short_track_nodes_removed  short_track_edges_removed  short_track_filter_skipped_all  linefit_smoothed_nodes  linefit_skipped_nodes  gap_close_effective_max_gap  predict_minutes_total\n"}
,{"stream_name":"stdout","time":683.395082458,"data":"count      4.0000      4.000      4.000      4.000                 4.0000              4.0000                4.0000                           4.0              4.0000                         4.0                        4.0                     4.0          4.0000              4.0000                  4.0                  4.0000           4.0000           4.0000                   4.0                 4.0000                4.0                        4.0                 4.0000               4.0000                     4.0000                       4.0000                   4.0                            4.0000                         4.0                                4.0           4.0000               4.0000            4.0000            4.0000              4.00                    4.0000                4.0000                        4.0                             4.0                        4.0                        4.0                             4.0                  4.0000                 4.0000                          4.0                 4.0000\n"}
,{"stream_name":"stdout","time":683.39509273,"data":"mean   32949.2500  33559.500  29748.000  32030.250                95.2500              0.9498                0.0153                           0.0              2.0000                         0.0                        0.0                     0.0        851.2500            525.0000                  0.0                525.0000         525.0000        1050.0000                   0.0               625.5000                0.0                        0.0                15.2500           30734.2500                 29989.7500                     744.5000                  99.0                        29746.0000                         0.0                                0.0         178.2500              50.2500          100.5000          150.7500              0.25                  107.5000               95.2500                        2.5                             0.0                        0.0                        0.0                             0.0              33187.7500               371.7500                          1.0                 6.9669\n"}
,{"stream_name":"stdout","time":683.395102635,"data":"std    27646.5818  28038.709  25370.165  27225.978                93.3216              0.0251                0.0144                           0.0              2.3094                         0.0                        0.0                     0.0        873.0206            513.1777                  0.0                513.1777         513.1777        1026.3554                   0.0               579.0294                0.0                        0.0                15.4353           26390.7593                 25880.2545                     571.4569                   0.0                        25371.7882                         0.0                                0.0         176.9828              33.0794           66.1589           99.2383              0.50                  101.0297               93.3216                        5.0                             0.0                        0.0                        0.0                             0.0              27966.1073               422.5513                          0.0                 0.0000\n"}
,{"stream_name":"stdout","time":683.395112908,"data":"min     6618.0000   6700.000   6146.000   6385.000                21.0000              0.9134                0.0044                           0.0              0.0000                         0.0                        0.0                     0.0         57.0000             50.0000                  0.0                 50.0000          50.0000         100.0000                   0.0                84.0000                0.0                        0.0                 2.0000            6213.0000                  6032.0000                     181.0000                  99.0                         6142.0000                         0.0                                0.0          24.0000              17.0000           34.0000           51.0000              0.00                   25.0000               21.0000                        0.0                             0.0                        0.0                        0.0                             0.0               6618.0000                76.0000                          1.0                 6.9669\n"}
,{"stream_name":"stdout","time":683.395126155,"data":"25%    20974.5000  21117.250  18386.750  20383.750                32.2500              0.9431                0.0068                           0.0              0.0000                         0.0                        0.0                     0.0        117.7500             97.2500                  0.0                 97.2500          97.2500         194.5000                   0.0               146.2500                0.0                        0.0                 3.5000           19413.7500                 18642.5000                     336.2500                  99.0                        18382.7500                         0.0                                0.0          29.2500              24.5000           49.0000           73.5000              0.00                   33.2500               32.2500                        0.0                             0.0                        0.0                        0.0                             0.0              21039.7500                80.5000                          1.0                 6.9669\n"}
,{"stream_name":"stdout","time":683.395135106,"data":"50%    26632.0000  27276.000  23557.000  25599.500                67.0000              0.9597                0.0103                           0.0              2.0000                         0.0                        0.0                     0.0        835.0000            528.0000                  0.0                528.0000         528.0000        1056.0000                   0.0               629.0000                0.0                        0.0                12.0000           24260.5000                 23582.5000                     678.0000                  99.0                        23555.0000                         0.0                                0.0         160.5000              50.5000          101.0000          151.5000              0.00                   81.0000               67.0000                        0.0                             0.0                        0.0                        0.0                             0.0              26750.5000               218.0000                          1.0                 6.9669\n"}
,{"stream_name":"stdout","time":683.395144205,"data":"75%    38606.7500  39718.250  34918.250  37246.000               130.0000              0.9664                0.0189                           0.0              4.0000                         0.0                        0.0                     0.0       1568.5000            955.7500                  0.0                955.7500         955.7500        1911.5000                   0.0              1108.2500                0.0                        0.0                23.7500           35581.0000                 34929.7500                    1086.2500                  99.0                        34918.2500                         0.0                                0.0         309.5000              76.2500          152.5000          228.7500              0.25                  155.2500              130.0000                        2.5                             0.0                        0.0                        0.0                             0.0              38898.5000               509.2500                          1.0                 6.9669\n"}
,{"stream_name":"stdout","time":683.395165726,"data":"max    71915.0000  72986.000  65732.000  70537.000               226.0000              0.9664                0.0361                           0.0              4.0000                         0.0                        0.0                     0.0       1678.0000            994.0000                  0.0                994.0000         994.0000        1988.0000                   0.0              1160.0000                0.0                        0.0                35.0000           68203.0000                 66762.0000                    1441.0000                  99.0                        65732.0000                         0.0                                0.0         368.0000              83.0000          166.0000          249.0000              1.00                  243.0000              226.0000                       10.0                             0.0                        0.0                        0.0                             0.0              72632.0000               975.0000                          1.0                 6.9669\n"}
,{"stream_name":"stdout","time":683.395173742,"data":"\n"}
,{"stream_name":"stdout","time":683.395177928,"data":"Submission preview:\n"}
,{"stream_name":"stdout","time":683.39518208,"data":" id       dataset row_type  node_id  t  z   y  x  source_id  target_id\n"}
,{"stream_name":"stdout","time":683.395186821,"data":"  0 44b6_0113de3b     node        0  0  1   9 52         -1         -1\n"}
,{"stream_name":"stdout","time":683.395191313,"data":"  1 44b6_0113de3b     node        1  0  1   8 72         -1         -1\n"}
,{"stream_name":"stdout","time":683.395195425,"data":"  2 44b6_0113de3b     node        2  0  1  24 64         -1         -1\n"}
,{"stream_name":"stdout","time":683.39520038,"data":"  3 44b6_0113de3b     node        4  0  1 100 36         -1         -1\n"}
,{"stream_name":"stdout","time":683.395204741,"data":"  4 44b6_0113de3b     node        5  0  1 104 76         -1         -1\n"}
,{"stream_name":"stdout","time":683.395209353,"data":"  5 44b6_0113de3b     node        6  0  1 128 72         -1         -1\n"}
,{"stream_name":"stdout","time":683.395213508,"data":"  6 44b6_0113de3b     node        7  0  1 148 63         -1         -1\n"}
,{"stream_name":"stdout","time":683.3952182,"data":"  7 44b6_0113de3b     node        8  0  1 164 28         -1         -1\n"}
,{"stream_name":"stdout","time":683.474614629,"data":"\n"}
,{"stream_name":"stdout","time":683.474657004,"data":"============================================================================================\n"}
,{"stream_name":"stdout","time":683.474663664,"data":"FINAL FEEDBACK SUMMARY\n"}
,{"stream_name":"stdout","time":683.474668632,"data":"============================================================================================\n"}
,{"stream_name":"stdout","time":683.474693048,"data":"Notebook          : 050_lb891_safe_div_precision_final_submit\n"}
,{"stream_name":"stdout","time":683.47469871,"data":"Preset            : safe_div_precision_050\n"}
,{"stream_name":"stdout","time":683.474703181,"data":"Score-up axis     : final tiny safe-division precision tightening\n"}
,{"stream_name":"stdout","time":683.474708481,"data":"Rows              : 262,359\n"}
,{"stream_name":"stdout","time":683.474713078,"data":"Node rows         : 134,238\n"}
,{"stream_name":"stdout","time":683.474717112,"data":"Edge rows         : 128,121\n"}
,{"stream_name":"stdout","time":683.474721025,"data":"Edges per node    : 0.954432\n"}
,{"stream_name":"stdout","time":683.474725017,"data":"dropped_nonconsecutive_edges: 0\n"}
,{"stream_name":"stdout","time":683.474729089,"data":"dropped_long_edges      : 8\n"}
,{"stream_name":"stdout","time":683.47474751,"data":"dropped_multi_parent_edges: 0\n"}
,{"stream_name":"stdout","time":683.474751467,"data":"dropped_multi_child_edges: 0\n"}
,{"stream_name":"stdout","time":683.474755346,"data":"dropped_division_edges  : 0\n"}
,{"stream_name":"stdout","time":683.474759215,"data":"motion_relink_edges     : 122,937\n"}
,{"stream_name":"stdout","time":683.474763794,"data":"motion_relink_tight_edges: 119,959\n"}
,{"stream_name":"stdout","time":683.47476847,"data":"motion_relink_relaxed_edges: 2,978\n"}
,{"stream_name":"stdout","time":683.474773197,"data":"motion_relink_replaced_raw_edges: 118,984\n"}
,{"stream_name":"stdout","time":683.474777889,"data":"gap_added_nodes         : 2,100\n"}
,{"stream_name":"stdout","time":683.474781873,"data":"gap_added_edges         : 4,200\n"}
,{"stream_name":"stdout","time":683.474785712,"data":"gap2_pairs_selected     : 201\n"}
,{"stream_name":"stdout","time":683.474789583,"data":"gap2_added_nodes        : 402\n"}
,{"stream_name":"stdout","time":683.474793433,"data":"gap2_added_edges        : 603\n"}
,{"stream_name":"stdout","time":683.474798114,"data":"safe_divisions_added    : 381\n"}
,{"stream_name":"stdout","time":683.474802551,"data":"linefit_smoothed_nodes  : 132,751\n"}
,{"stream_name":"stdout","time":683.474806955,"data":"linefit_skipped_nodes   : 1,487\n"}
,{"stream_name":"stdout","time":683.474811735,"data":"pruned_isolated_nodes   : 61\n"}
,{"stream_name":"stdout","time":683.47481636,"data":"short_track_nodes_removed: 0\n"}
,{"stream_name":"stdout","time":683.474820377,"data":"short_track_edges_removed: 0\n"}
,{"stream_name":"stdout","time":683.474824262,"data":"============================================================================================\n"}
,{"stream_name":"stdout","time":683.474828356,"data":"\n"}
,{"stream_name":"stdout","time":683.474832596,"data":"===== COPY THIS TO GPT START =====\n"}
,{"stream_name":"stdout","time":683.474837084,"data":"# 050 Biohub Run Summary\n"}
,{"stream_name":"stdout","time":683.474841538,"data":"- Base: `biohub-cell-lineage-tracker(1).ipynb` / LB0.891 source\n"}
,{"stream_name":"stdout","time":683.474845335,"data":"- Preset: `safe_div_precision_050`\n"}
,{"stream_name":"stdout","time":683.474849043,"data":"- Score-up axis: `final tiny safe-division precision tightening`\n"}
,{"stream_name":"stdout","time":683.474853091,"data":"- Rows: `262359`\n"}
,{"stream_name":"stdout","time":683.474857075,"data":"- Node rows: `134238`\n"}
,{"stream_name":"stdout","time":683.474860807,"data":"- Edge rows: `128121`\n"}
,{"stream_name":"stdout","time":683.474864781,"data":"- Edges per node: `0.954432`\n"}
,{"stream_name":"stdout","time":683.474868595,"data":"- SHA256: `c009832ade8f3be0c9de5b17d6d86914e2f287ef236148833c0bddddad33f82c`\n"}
,{"stream_name":"stdout","time":683.474872932,"data":"- Key config:\n"}
,{"stream_name":"stdout","time":683.474886735,"data":"```json\n"}
,{"stream_name":"stdout","time":683.474890961,"data":"{\n"}
,{"stream_name":"stdout","time":683.474894866,"data":"  \"det_threshold\": 0.99,\n"}
,{"stream_name":"stdout","time":683.47489881,"data":"  \"gap2_max_links_abs\": 140,\n"}
,{"stream_name":"stdout","time":683.474902727,"data":"  \"gap2_max_step_um\": 4.05,\n"}
,{"stream_name":"stdout","time":683.474971283,"data":"  \"gap2_max_total_um\": 9.7,\n"}
,{"stream_name":"stdout","time":683.474977035,"data":"  \"gap_close_max_added_abs\": 2200,\n"}
,{"stream_name":"stdout","time":683.474981777,"data":"  \"gap_close_um\": 6.2,\n"}
,{"stream_name":"stdout","time":683.474986287,"data":"  \"motion_relink_learned_bonus\": 0.78,\n"}
,{"stream_name":"stdout","time":683.474997538,"data":"  \"motion_relink_relaxed_um\": 10.4,\n"}
,{"stream_name":"stdout","time":683.475002179,"data":"  \"motion_relink_tight_um\": 6.2,\n"}
,{"stream_name":"stdout","time":683.47500656,"data":"  \"motion_relink_velocity_weight\": 0.52,\n"}
,{"stream_name":"stdout","time":683.47501064,"data":"  \"output_edge_max_um\": 14.5,\n"}
,{"stream_name":"stdout","time":683.47501454,"data":"  \"output_gap2_recovery\": true,\n"}
,{"stream_name":"stdout","time":683.475018525,"data":"  \"output_gap_close\": true,\n"}
,{"stream_name":"stdout","time":683.475024687,"data":"  \"output_linefit_smooth\": true,\n"}
,{"stream_name":"stdout","time":683.475028693,"data":"  \"output_linefit_weight\": 0.72,\n"}
,{"stream_name":"stdout","time":683.475032579,"data":"  \"output_safe_divisions\": true,\n"}
,{"stream_name":"stdout","time":683.475036509,"data":"  \"preset\": \"safe_div_precision_050\",\n"}
,{"stream_name":"stdout","time":683.475040479,"data":"  \"safe_div_global_frac_cap\": 0.00375,\n"}
,{"stream_name":"stdout","time":683.475053759,"data":"  \"safe_div_max_um\": 4.7,\n"}
,{"stream_name":"stdout","time":683.475058374,"data":"  \"safe_div_sister_max_um\": 6.85\n"}
,{"stream_name":"stdout","time":683.475062862,"data":"}\n"}
,{"stream_name":"stdout","time":683.475067399,"data":"```\n"}
,{"stream_name":"stdout","time":683.475071921,"data":"- Summed output stats:\n"}
,{"stream_name":"stdout","time":683.475076053,"data":"```json\n"}
,{"stream_name":"stdout","time":683.475080594,"data":"{\n"}
,{"stream_name":"stdout","time":683.475084962,"data":"  \"dropped_division_edges\": 0,\n"}
,{"stream_name":"stdout","time":683.47508946,"data":"  \"dropped_long_edges\": 8,\n"}
,{"stream_name":"stdout","time":683.475093444,"data":"  \"dropped_multi_child_edges\": 0,\n"}
,{"stream_name":"stdout","time":683.475097364,"data":"  \"dropped_multi_parent_edges\": 0,\n"}
,{"stream_name":"stdout","time":683.475101362,"data":"  \"dropped_nonconsecutive_edges\": 0,\n"}
,{"stream_name":"stdout","time":683.475105389,"data":"  \"gap2_added_edges\": 603,\n"}
,{"stream_name":"stdout","time":683.475109265,"data":"  \"gap2_added_nodes\": 402,\n"}
,{"stream_name":"stdout","time":683.47511319,"data":"  \"gap2_pairs_selected\": 201,\n"}
,{"stream_name":"stdout","time":683.475117415,"data":"  \"gap_added_edges\": 4200,\n"}
,{"stream_name":"stdout","time":683.475121388,"data":"  \"gap_added_nodes\": 2100,\n"}
,{"stream_name":"stdout","time":683.475125301,"data":"  \"linefit_skipped_nodes\": 1487,\n"}
,{"stream_name":"stdout","time":683.475135834,"data":"  \"linefit_smoothed_nodes\": 132751,\n"}
,{"stream_name":"stdout","time":683.475140045,"data":"  \"motion_relink_edges\": 122937,\n"}
,{"stream_name":"stdout","time":683.475144543,"data":"  \"motion_relink_relaxed_edges\": 2978,\n"}
,{"stream_name":"stdout","time":683.475149019,"data":"  \"motion_relink_replaced_raw_edges\": 118984,\n"}
,{"stream_name":"stdout","time":683.475153802,"data":"  \"motion_relink_tight_edges\": 119959,\n"}
,{"stream_name":"stdout","time":683.475158194,"data":"  \"pruned_isolated_nodes\": 61,\n"}
,{"stream_name":"stdout","time":683.475163028,"data":"  \"safe_divisions_added\": 381,\n"}
,{"stream_name":"stdout","time":683.475167573,"data":"  \"short_track_edges_removed\": 0,\n"}
,{"stream_name":"stdout","time":683.475172262,"data":"  \"short_track_nodes_removed\": 0\n"}
,{"stream_name":"stdout","time":683.475176537,"data":"}\n"}
,{"stream_name":"stdout","time":683.475180857,"data":"```\n"}
,{"stream_name":"stdout","time":683.475185801,"data":"- Per-dataset compact stats:\n"}
,{"stream_name":"stdout","time":683.475194812,"data":"```json\n"}
,{"stream_name":"stdout","time":683.475389143,"data":"[\n"}
,{"stream_name":"stdout","time":683.475399874,"data":"  {\n"}
,{"stream_name":"stdout","time":683.475404069,"data":"    \"dataset\": \"44b6_0113de3b\",\n"}
,{"stream_name":"stdout","time":683.475408537,"data":"    \"nodes\": 25923,\n"}
,{"stream_name":"stdout","time":683.475412577,"data":"    \"edges\": 25050,\n"}
,{"stream_name":"stdout","time":683.475416597,"data":"    \"motion_relink_edges\": 24707,\n"}
,{"stream_name":"stdout","time":683.475420692,"data":"    \"motion_relink_tight_edges\": 24319,\n"}
,{"stream_name":"stdout","time":683.475424851,"data":"    \"motion_relink_relaxed_edges\": 388,\n"}
,{"stream_name":"stdout","time":683.47542896,"data":"    \"gap_added_nodes\": 113,\n"}
,{"stream_name":"stdout","time":683.475436983,"data":"    \"gap2_added_nodes\": 54,\n"}
,{"stream_name":"stdout","time":683.475440008,"data":"    \"safe_divisions_added\": 36,\n"}
,{"stream_name":"stdout","time":683.475461789,"data":"    \"linefit_smoothed_nodes\": 25847,\n"}
,{"stream_name":"stdout","time":683.475467165,"data":"    \"pruned_isolated_nodes\": 4\n"}
,{"stream_name":"stdout","time":683.475471723,"data":"  },\n"}
,{"stream_name":"stdout","time":683.475475293,"data":"  {\n"}
,{"stream_name":"stdout","time":683.475478619,"data":"    \"dataset\": \"44b6_0b24845f\",\n"}
,{"stream_name":"stdout","time":683.47548296,"data":"    \"nodes\": 28629,\n"}
,{"stream_name":"stdout","time":683.475487646,"data":"    \"edges\": 26149,\n"}
,{"stream_name":"stdout","time":683.475492197,"data":"    \"motion_relink_edges\": 23814,\n"}
,{"stream_name":"stdout","time":683.475496857,"data":"    \"motion_relink_tight_edges\": 22846,\n"}
,{"stream_name":"stdout","time":683.475501053,"data":"    \"motion_relink_relaxed_edges\": 968,\n"}
,{"stream_name":"stdout","time":683.475505598,"data":"    \"gap_added_nodes\": 994,\n"}
,{"stream_name":"stdout","time":683.475510111,"data":"    \"gap2_added_nodes\": 166,\n"}
,{"stream_name":"stdout","time":683.475513598,"data":"    \"safe_divisions_added\": 98,\n"}
,{"stream_name":"stdout","time":683.475517384,"data":"    \"linefit_smoothed_nodes\": 27654,\n"}
,{"stream_name":"stdout","time":683.475521377,"data":"    \"pruned_isolated_nodes\": 35\n"}
,{"stream_name":"stdout","time":683.475525317,"data":"  },\n"}
,{"stream_name":"stdout","time":683.475529102,"data":"  {\n"}
,{"stream_name":"stdout","time":683.475532604,"data":"    \"dataset\": \"6bba_05b6850b\",\n"}
,{"stream_name":"stdout","time":683.475536903,"data":"    \"nodes\": 6700,\n"}
,{"stream_name":"stdout","time":683.475540928,"data":"    \"edges\": 6385,\n"}
,{"stream_name":"stdout","time":683.475545954,"data":"    \"motion_relink_edges\": 6213,\n"}
,{"stream_name":"stdout","time":683.475550151,"data":"    \"motion_relink_tight_edges\": 6032,\n"}
,{"stream_name":"stdout","time":683.47555416,"data":"    \"motion_relink_relaxed_edges\": 181,\n"}
,{"stream_name":"stdout","time":683.475558218,"data":"    \"gap_added_nodes\": 50,\n"}
,{"stream_name":"stdout","time":683.475562543,"data":"    \"gap2_added_nodes\": 34,\n"}
,{"stream_name":"stdout","time":683.475566749,"data":"    \"safe_divisions_added\": 21,\n"}
,{"stream_name":"stdout","time":683.475571143,"data":"    \"linefit_smoothed_nodes\": 6618,\n"}
,{"stream_name":"stdout","time":683.475575621,"data":"    \"pruned_isolated_nodes\": 2\n"}
,{"stream_name":"stdout","time":683.475579471,"data":"  },\n"}
,{"stream_name":"stdout","time":683.475583087,"data":"  {\n"}
,{"stream_name":"stdout","time":683.475598875,"data":"    \"dataset\": \"6bba_05db0fb1\",\n"}
,{"stream_name":"stdout","time":683.475603743,"data":"    \"nodes\": 72986,\n"}
,{"stream_name":"stdout","time":683.475608141,"data":"    \"edges\": 70537,\n"}
,{"stream_name":"stdout","time":683.475612231,"data":"    \"motion_relink_edges\": 68203,\n"}
,{"stream_name":"stdout","time":683.47561616,"data":"    \"motion_relink_tight_edges\": 66762,\n"}
,{"stream_name":"stdout","time":683.475620225,"data":"    \"motion_relink_relaxed_edges\": 1441,\n"}
,{"stream_name":"stdout","time":683.475624734,"data":"    \"gap_added_nodes\": 943,\n"}
,{"stream_name":"stdout","time":683.475628643,"data":"    \"gap2_added_nodes\": 148,\n"}
,{"stream_name":"stdout","time":683.475632571,"data":"    \"safe_divisions_added\": 226,\n"}
,{"stream_name":"stdout","time":683.475636605,"data":"    \"linefit_smoothed_nodes\": 72632,\n"}
,{"stream_name":"stdout","time":683.47564058,"data":"    \"pruned_isolated_nodes\": 20\n"}
,{"stream_name":"stdout","time":683.475644656,"data":"  }\n"}
,{"stream_name":"stdout","time":683.47564836,"data":"]\n"}
,{"stream_name":"stdout","time":683.475652237,"data":"```\n"}
,{"stream_name":"stdout","time":683.475656305,"data":"===== COPY THIS TO GPT END =====\n"}
,{"stream_name":"stderr","time":688.24717232,"data":"/usr/local/lib/python3.12/dist-packages/mistune.py:435: SyntaxWarning: invalid escape sequence '\\|'\n"}
,{"stream_name":"stderr","time":688.247217472,"data":"  cells[i][c] = re.sub('\\\\\\\\\\|', '|', cell)\n"}
,{"stream_name":"stderr","time":688.405432734,"data":"/usr/local/lib/python3.12/dist-packages/nbconvert/filters/filter_links.py:36: SyntaxWarning: invalid escape sequence '\\_'\n"}
,{"stream_name":"stderr","time":688.40547961,"data":"  text = re.sub(r'_', '\\_', text) # Escape underscores in display text\n"}
,{"stream_name":"stderr","time":689.211547985,"data":"[NbConvertApp] Converting notebook __notebook__.ipynb to notebook\n"}
,{"stream_name":"stderr","time":689.568502131,"data":"[NbConvertApp] Writing 140110 bytes to __notebook__.ipynb\n"}
,{"stream_name":"stderr","time":692.239579659,"data":"[NbConvertApp] Converting notebook __notebook__.ipynb to html\n"}
,{"stream_name":"stderr","time":693.445433564,"data":"[NbConvertApp] Writing 722985 bytes to __results__.html\n"}
]