[{"stream_name":"stderr","time":8.586635724,"data":"0.00s - Debugger warning: It seems that frozen modules are being used, which may\n"}
,{"stream_name":"stderr","time":8.586710619,"data":"0.00s - make the debugger miss breakpoints. Please pass -Xfrozen_modules=off\n"}
,{"stream_name":"stderr","time":8.586718906,"data":"0.00s - to python to disable frozen modules.\n"}
,{"stream_name":"stderr","time":8.586723675,"data":"0.00s - Note: Debugging will proceed. Set PYDEVD_DISABLE_FILE_VALIDATION=1 to disable this validation.\n"}
,{"stream_name":"stderr","time":9.392011833,"data":"0.00s - Debugger warning: It seems that frozen modules are being used, which may\n"}
,{"stream_name":"stderr","time":9.392061154,"data":"0.00s - make the debugger miss breakpoints. Please pass -Xfrozen_modules=off\n"}
,{"stream_name":"stderr","time":9.392066003,"data":"0.00s - to python to disable frozen modules.\n"}
,{"stream_name":"stderr","time":9.392068956,"data":"0.00s - Note: Debugging will proceed. Set PYDEVD_DISABLE_FILE_VALIDATION=1 to disable this validation.\n"}
,{"stream_name":"stderr","time":58.853357596,"data":"ERROR: pip's dependency resolver does not currently take into account all the packages that are installed. This behaviour is the source of the following dependency conflicts.\n"}
,{"stream_name":"stderr","time":58.853401927,"data":"bigframes 2.39.0 requires google-cloud-bigquery-storage\u003c3.0.0,\u003e=2.30.0, which is not installed.\n"}
,{"stream_name":"stderr","time":58.853411417,"data":"google-adk 1.29.0 requires google-cloud-bigquery-storage\u003e=2.0.0, which is not installed.\n"}
,{"stream_name":"stderr","time":58.853418118,"data":"datasets 5.0.0 requires fsspec[http]\u003c=2026.4.0,\u003e=2023.1.0, but you have fsspec 2026.6.0 which is incompatible.\n"}
,{"stream_name":"stderr","time":58.853424203,"data":"ydata-profiling 4.18.4 requires numba\u003c0.63,\u003e=0.60, but you have numba 0.65.1 which is incompatible.\n"}
,{"stream_name":"stderr","time":58.853429776,"data":"ydata-profiling 4.18.4 requires numpy\u003c2.4,\u003e=1.22, but you have numpy 2.4.6 which is incompatible.\n"}
,{"stream_name":"stderr","time":58.853435196,"data":"ydata-profiling 4.18.4 requires scipy\u003c1.17,\u003e=1.8, but you have scipy 1.18.0 which is incompatible.\n"}
,{"stream_name":"stderr","time":58.853440601,"data":"distributed 2026.3.0 requires dask\u003c2026.3.1,\u003e=2026.3.0, but you have dask 2026.6.0 which is incompatible.\n"}
,{"stream_name":"stderr","time":58.853446126,"data":"google-colab 1.0.0 requires jupyter-server==2.14.0, but you have jupyter-server 2.12.5 which is incompatible.\n"}
,{"stream_name":"stderr","time":58.853451512,"data":"google-colab 1.0.0 requires pandas==2.2.2, but you have pandas 2.3.3 which is incompatible.\n"}
,{"stream_name":"stderr","time":58.853456761,"data":"google-colab 1.0.0 requires requests==2.32.4, but you have requests 2.34.2 which is incompatible.\n"}
,{"stream_name":"stderr","time":58.853462427,"data":"dopamine-rl 4.1.2 requires gym\u003c=0.25.2, but you have gym 0.26.2 which is incompatible.\n"}
,{"stream_name":"stderr","time":58.853467742,"data":"ibis-framework 9.5.0 requires toolz\u003c1,\u003e=0.11, but you have toolz 1.1.0 which is incompatible.\n"}
,{"stream_name":"stderr","time":58.853473401,"data":"moviepy 1.0.3 requires decorator\u003c5.0,\u003e=4.0.2, but you have decorator 5.3.1 which is incompatible.\n"}
,{"stream_name":"stderr","time":58.853480373,"data":"bigframes 2.39.0 requires rich\u003c14,\u003e=12.4.4, but you have rich 15.0.0 which is incompatible.\n"}
,{"stream_name":"stderr","time":58.853485617,"data":"pyiceberg 0.11.1 requires rich\u003c15.0.0,\u003e=10.11.0, but you have rich 15.0.0 which is incompatible.\n"}
,{"stream_name":"stderr","time":58.853492933,"data":"gcsfs 2025.3.0 requires fsspec==2025.3.0, but you have fsspec 2026.6.0 which is incompatible.\n"}
,{"stream_name":"stderr","time":58.853533726,"data":"gradio 5.50.0 requires pillow\u003c12.0,\u003e=8.0, but you have pillow 12.2.0 which is incompatible.\n"}
,{"stream_name":"stderr","time":58.853542453,"data":"gradio 5.50.0 requires pydantic\u003c=2.12.3,\u003e=2.0, but you have pydantic 2.13.4 which is incompatible.\n"}
,{"stream_name":"stderr","time":59.065636559,"data":"ERROR: pip's dependency resolver does not currently take into account all the packages that are installed. This behaviour is the source of the following dependency conflicts.\n"}
,{"stream_name":"stderr","time":59.065664071,"data":"bigframes 2.39.0 requires google-cloud-bigquery-storage\u003c3.0.0,\u003e=2.30.0, which is not installed.\n"}
,{"stream_name":"stderr","time":59.065689823,"data":"google-adk 1.29.0 requires google-cloud-bigquery-storage\u003e=2.0.0, which is not installed.\n"}
,{"stream_name":"stderr","time":59.065695594,"data":"datasets 5.0.0 requires fsspec[http]\u003c=2026.4.0,\u003e=2023.1.0, but you have fsspec 2026.6.0 which is incompatible.\n"}
,{"stream_name":"stderr","time":59.06570173,"data":"ydata-profiling 4.18.4 requires numba\u003c0.63,\u003e=0.60, but you have numba 0.65.1 which is incompatible.\n"}
,{"stream_name":"stderr","time":59.065706984,"data":"ydata-profiling 4.18.4 requires numpy\u003c2.4,\u003e=1.22, but you have numpy 2.4.6 which is incompatible.\n"}
,{"stream_name":"stderr","time":59.065712814,"data":"ydata-profiling 4.18.4 requires scipy\u003c1.17,\u003e=1.8, but you have scipy 1.18.0 which is incompatible.\n"}
,{"stream_name":"stderr","time":59.065718418,"data":"distributed 2026.3.0 requires dask\u003c2026.3.1,\u003e=2026.3.0, but you have dask 2026.6.0 which is incompatible.\n"}
,{"stream_name":"stderr","time":59.065723592,"data":"google-colab 1.0.0 requires jupyter-server==2.14.0, but you have jupyter-server 2.12.5 which is incompatible.\n"}
,{"stream_name":"stderr","time":59.065728523,"data":"google-colab 1.0.0 requires pandas==2.2.2, but you have pandas 2.3.3 which is incompatible.\n"}
,{"stream_name":"stderr","time":59.06573316,"data":"google-colab 1.0.0 requires requests==2.32.4, but you have requests 2.34.2 which is incompatible.\n"}
,{"stream_name":"stderr","time":59.065737847,"data":"dopamine-rl 4.1.2 requires gym\u003c=0.25.2, but you have gym 0.26.2 which is incompatible.\n"}
,{"stream_name":"stderr","time":59.065745032,"data":"ibis-framework 9.5.0 requires toolz\u003c1,\u003e=0.11, but you have toolz 1.1.0 which is incompatible.\n"}
,{"stream_name":"stderr","time":59.065753934,"data":"moviepy 1.0.3 requires decorator\u003c5.0,\u003e=4.0.2, but you have decorator 5.3.1 which is incompatible.\n"}
,{"stream_name":"stderr","time":59.065757428,"data":"bigframes 2.39.0 requires rich\u003c14,\u003e=12.4.4, but you have rich 15.0.0 which is incompatible.\n"}
,{"stream_name":"stderr","time":59.065760625,"data":"pyiceberg 0.11.1 requires rich\u003c15.0.0,\u003e=10.11.0, but you have rich 15.0.0 which is incompatible.\n"}
,{"stream_name":"stderr","time":59.065764001,"data":"gcsfs 2025.3.0 requires fsspec==2025.3.0, but you have fsspec 2026.6.0 which is incompatible.\n"}
,{"stream_name":"stderr","time":59.065767313,"data":"gradio 5.50.0 requires pillow\u003c12.0,\u003e=8.0, but you have pillow 12.2.0 which is incompatible.\n"}
,{"stream_name":"stderr","time":59.065770809,"data":"gradio 5.50.0 requires pydantic\u003c=2.12.3,\u003e=2.0, but you have pydantic 2.13.4 which is incompatible.\n"}
,{"stream_name":"stderr","time":59.065774188,"data":"\n"}
,{"stream_name":"stderr","time":59.065779396,"data":"ERROR: pip's dependency resolver does not currently take into account all the packages that are installed. This behaviour is the source of the following dependency conflicts.\n"}
,{"stream_name":"stderr","time":59.06581485,"data":"bigframes 2.39.0 requires google-cloud-bigquery-storage\u003c3.0.0,\u003e=2.30.0, which is not installed.\n"}
,{"stream_name":"stderr","time":59.065821132,"data":"google-adk 1.29.0 requires google-cloud-bigquery-storage\u003e=2.0.0, which is not installed.\n"}
,{"stream_name":"stderr","time":59.065826272,"data":"datasets 5.0.0 requires fsspec[http]\u003c=2026.4.0,\u003e=2023.1.0, but you have fsspec 2026.6.0 which is incompatible.\n"}
,{"stream_name":"stderr","time":59.065831268,"data":"ydata-profiling 4.18.4 requires numba\u003c0.63,\u003e=0.60, but you have numba 0.65.1 which is incompatible.\n"}
,{"stream_name":"stderr","time":59.065836173,"data":"ydata-profiling 4.18.4 requires numpy\u003c2.4,\u003e=1.22, but you have numpy 2.4.6 which is incompatible.\n"}
,{"stream_name":"stderr","time":59.065841114,"data":"ydata-profiling 4.18.4 requires scipy\u003c1.17,\u003e=1.8, but you have scipy 1.18.0 which is incompatible.\n"}
,{"stream_name":"stderr","time":59.065845979,"data":"distributed 2026.3.0 requires dask\u003c2026.3.1,\u003e=2026.3.0, but you have dask 2026.6.0 which is incompatible.\n"}
,{"stream_name":"stderr","time":59.065851324,"data":"google-colab 1.0.0 requires jupyter-server==2.14.0, but you have jupyter-server 2.12.5 which is incompatible.\n"}
,{"stream_name":"stderr","time":59.06585595,"data":"google-colab 1.0.0 requires pandas==2.2.2, but you have pandas 2.3.3 which is incompatible.\n"}
,{"stream_name":"stderr","time":59.065860518,"data":"google-colab 1.0.0 requires requests==2.32.4, but you have requests 2.34.2 which is incompatible.\n"}
,{"stream_name":"stderr","time":59.065865632,"data":"dopamine-rl 4.1.2 requires gym\u003c=0.25.2, but you have gym 0.26.2 which is incompatible.\n"}
,{"stream_name":"stderr","time":59.06587262,"data":"ibis-framework 9.5.0 requires toolz\u003c1,\u003e=0.11, but you have toolz 1.1.0 which is incompatible.\n"}
,{"stream_name":"stderr","time":59.065881763,"data":"moviepy 1.0.3 requires decorator\u003c5.0,\u003e=4.0.2, but you have decorator 5.3.1 which is incompatible.\n"}
,{"stream_name":"stderr","time":59.065900641,"data":"bigframes 2.39.0 requires rich\u003c14,\u003e=12.4.4, but you have rich 15.0.0 which is incompatible.\n"}
,{"stream_name":"stderr","time":59.065906474,"data":"pyiceberg 0.11.1 requires rich\u003c15.0.0,\u003e=10.11.0, but you have rich 15.0.0 which is incompatible.\n"}
,{"stream_name":"stderr","time":59.065912106,"data":"gcsfs 2025.3.0 requires fsspec==2025.3.0, but you have fsspec 2026.6.0 which is incompatible.\n"}
,{"stream_name":"stderr","time":59.065917698,"data":"gradio 5.50.0 requires pillow\u003c12.0,\u003e=8.0, but you have pillow 12.2.0 which is incompatible.\n"}
,{"stream_name":"stderr","time":59.065923396,"data":"gradio 5.50.0 requires pydantic\u003c=2.12.3,\u003e=2.0, but you have pydantic 2.13.4 which is incompatible.\n"}
,{"stream_name":"stdout","time":68.841035966,"data":"Competition: /kaggle/input/competitions/biohub-cell-tracking-during-development\n"}
,{"stream_name":"stdout","time":68.841119106,"data":"Artifacts: /kaggle/input/datasets/thibautgoldsborough/cellmot-baseline-artifacts/cellmot-baseline-artifacts\n"}
,{"stream_name":"stdout","time":68.841128825,"data":"Official metric environment NumPy/SciPy: 2.4.6 1.18.0\n"}
,{"stream_name":"stdout","time":68.841136079,"data":"Main kernel NumPy: 2.0.2\n"}
,{"stream_name":"stdout","time":68.841142468,"data":"Train videos: 199\n"}
,{"stream_name":"stdout","time":68.841148763,"data":"Test videos: 4\n"}
,{"stream_name":"stdout","time":72.304742476,"data":"baseline frozen\n"}
,{"stream_name":"stdout","time":72.304817399,"data":"threshold_0030 {'rel_threshold': 0.03}\n"}
,{"stream_name":"stdout","time":72.304862781,"data":"threshold_0060 {'rel_threshold': 0.06}\n"}
,{"stream_name":"stdout","time":72.304866548,"data":"nms_0028 {'min_distance_um': 2.8}\n"}
,{"stream_name":"stdout","time":72.30486933,"data":"nms_0038 {'min_distance_um': 3.8}\n"}
,{"stream_name":"stdout","time":76.976002534,"data":"{'edge_tp': 2, 'edge_fp': 0, 'edge_fn': 0, 'adj_edge_jaccard': 1.0}\n"}
,{"stream_name":"stdout","time":77.642950533,"data":"Validation videos: ['44b6_0113de3b', '6bba_05b6850b']\n"}
,{"stream_name":"stdout","time":104.720955999,"data":"[1/5 1/2] baseline 44b6_0113de3b: adj=0.941009 recall=1.0000 edge=49/2/1 nodes=26110\n"}
,{"stream_name":"stdout","time":127.484005495,"data":"[1/5 2/2] baseline 6bba_05b6850b: adj=0.785884 recall=0.9013 edge=712/61/133 nodes=6361\n"}
,{"stream_name":"stdout","time":148.258346184,"data":"[2/5 1/2] threshold_0030 44b6_0113de3b: adj=0.939758 recall=1.0000 edge=49/2/1 nodes=26452\n"}
,{"stream_name":"stdout","time":164.661589333,"data":"[2/5 2/2] threshold_0030 6bba_05b6850b: adj=0.784353 recall=0.9013 edge=712/61/133 nodes=6485\n"}
,{"stream_name":"stdout","time":184.515807376,"data":"[3/5 1/2] threshold_0060 44b6_0113de3b: adj=0.942044 recall=1.0000 edge=49/2/1 nodes=25827\n"}
,{"stream_name":"stdout","time":200.172739223,"data":"[3/5 2/2] threshold_0060 6bba_05b6850b: adj=0.787120 recall=0.9013 edge=712/61/133 nodes=6261\n"}
,{"stream_name":"stdout","time":220.283830768,"data":"[4/5 1/2] nms_0028 44b6_0113de3b: adj=0.939853 recall=1.0000 edge=49/2/1 nodes=26426\n"}
,{"stream_name":"stdout","time":236.146880768,"data":"[4/5 2/2] nms_0028 6bba_05b6850b: adj=0.770557 recall=0.9141 edge=713/76/132 nodes=6658\n"}
,{"stream_name":"stdout","time":256.837858747,"data":"[5/5 1/2] nms_0038 44b6_0113de3b: adj=0.942567 recall=1.0000 edge=49/2/1 nodes=25684\n"}
,{"stream_name":"stdout","time":273.728542446,"data":"[5/5 2/2] nms_0038 6bba_05b6850b: adj=0.802713 recall=0.8815 edge=708/42/137 nodes=6002\n"}
,{"stream_name":"stdout","time":273.744742761,"data":"Best detector screen result: {\n"}
,{"stream_name":"stdout","time":273.744780082,"data":"  \"n\": 2,\n"}
,{"stream_name":"stdout","time":273.744786742,"data":"  \"score\": 0.8104577160678552,\n"}
,{"stream_name":"stdout","time":273.744792702,"data":"  \"adj_edge_jaccard\": 0.8104577160678552,\n"}
,{"stream_name":"stdout","time":273.744799724,"data":"  \"division_jaccard\": NaN,\n"}
,{"stream_name":"stdout","time":273.744810974,"data":"  \"edge_tp\": 757,\n"}
,{"stream_name":"stdout","time":273.744814952,"data":"  \"edge_fp\": 44,\n"}
,{"stream_name":"stdout","time":273.744818731,"data":"  \"edge_fn\": 138,\n"}
,{"stream_name":"stdout","time":273.744822297,"data":"  \"division_tp\": 0,\n"}
,{"stream_name":"stdout","time":273.74482585,"data":"  \"division_fp\": 0,\n"}
,{"stream_name":"stdout","time":273.744853619,"data":"  \"division_fn\": 0,\n"}
,{"stream_name":"stdout","time":273.744859954,"data":"  \"num_pred_nodes\": 31686,\n"}
,{"stream_name":"stdout","time":273.74486623,"data":"  \"estimated_nodes\": 32117.0,\n"}
,{"stream_name":"stdout","time":273.744871421,"data":"  \"mean_node_recall\": 0.9407665505226481,\n"}
,{"stream_name":"stdout","time":273.744876301,"data":"  \"config\": \"nms_0038\",\n"}
,{"stream_name":"stdout","time":273.744881856,"data":"  \"rel_threshold\": 0.045,\n"}
,{"stream_name":"stdout","time":273.744887066,"data":"  \"min_distance_um\": 3.8,\n"}
,{"stream_name":"stdout","time":273.74489209,"data":"  \"delta_vs_baseline\": 0.016153278525277148\n"}
,{"stream_name":"stdout","time":273.744897586,"data":"}\n"}
,{"stream_name":"stdout","time":273.775282819,"data":"Detector screening complete; test inference intentionally skipped.\n"}
,{"stream_name":"stderr","time":277.431138896,"data":"/usr/local/lib/python3.12/dist-packages/mistune.py:435: SyntaxWarning: invalid escape sequence '\\|'\n"}
,{"stream_name":"stderr","time":277.431179477,"data":"  cells[i][c] = re.sub('\\\\\\\\\\|', '|', cell)\n"}
,{"stream_name":"stderr","time":277.629440265,"data":"/usr/local/lib/python3.12/dist-packages/nbconvert/filters/filter_links.py:36: SyntaxWarning: invalid escape sequence '\\_'\n"}
,{"stream_name":"stderr","time":277.629479005,"data":"  text = re.sub(r'_', '\\_', text) # Escape underscores in display text\n"}
,{"stream_name":"stderr","time":278.521103716,"data":"[NbConvertApp] Converting notebook __notebook__.ipynb to notebook\n"}
,{"stream_name":"stderr","time":278.929734994,"data":"[NbConvertApp] Writing 84433 bytes to __notebook__.ipynb\n"}
,{"stream_name":"stderr","time":282.400217259,"data":"[NbConvertApp] Converting notebook __notebook__.ipynb to html\n"}
,{"stream_name":"stderr","time":283.75709936,"data":"[NbConvertApp] Writing 515259 bytes to __results__.html\n"}
]