[{"stream_name":"stderr","time":10.079748207,"data":"/usr/local/lib/python3.12/dist-packages/nbformat/__init__.py:96: MissingIDFieldWarning: Cell is missing an id field, this will become a hard error in future nbformat versions. You may want to use `normalize()` on your notebooks before validations (available since nbformat 5.1.4). Previous versions of nbformat are fixing this issue transparently, and will stop doing so in the future.\n"}
,{"stream_name":"stderr","time":10.079824929,"data":"  validate(nb)\n"}
,{"stream_name":"stderr","time":11.394879873,"data":"0.00s - Debugger warning: It seems that frozen modules are being used, which may\n"}
,{"stream_name":"stderr","time":11.394947728,"data":"0.00s - make the debugger miss breakpoints. Please pass -Xfrozen_modules=off\n"}
,{"stream_name":"stderr","time":11.394955718,"data":"0.00s - to python to disable frozen modules.\n"}
,{"stream_name":"stderr","time":11.3949596,"data":"0.00s - Note: Debugging will proceed. Set PYDEVD_DISABLE_FILE_VALIDATION=1 to disable this validation.\n"}
,{"stream_name":"stderr","time":12.16427886,"data":"0.00s - Debugger warning: It seems that frozen modules are being used, which may\n"}
,{"stream_name":"stderr","time":12.164313915,"data":"0.00s - make the debugger miss breakpoints. Please pass -Xfrozen_modules=off\n"}
,{"stream_name":"stderr","time":12.1643175,"data":"0.00s - to python to disable frozen modules.\n"}
,{"stream_name":"stderr","time":12.16432018,"data":"0.00s - Note: Debugging will proceed. Set PYDEVD_DISABLE_FILE_VALIDATION=1 to disable this validation.\n"}
,{"stream_name":"stdout","time":13.571423176,"data":"BIOHUB_PRESET: exp104_safe_div_precision\n"}
,{"stream_name":"stdout","time":13.571494334,"data":"BIOHUB_SCORE_AXIS: 0.903 public LB: gap distance 5.8, motion bonus 1.0, sister radius 8.5\n"}
,{"stream_name":"stdout","time":15.124127811,"data":"Biohub learned UNet + node-transformer + ILP submission\n"}
,{"stream_name":"stdout","time":15.124156721,"data":"COMP_DIR: /kaggle/input/competitions/biohub-cell-tracking-during-development exists: True\n"}
,{"stream_name":"stdout","time":15.124162206,"data":"TEST_DIR: /kaggle/input/competitions/biohub-cell-tracking-during-development/test exists: True\n"}
,{"stream_name":"stdout","time":15.124166736,"data":"{\n"}
,{"stream_name":"stdout","time":15.124170546,"data":"  \"adaptive_short_track_rescue\": false,\n"}
,{"stream_name":"stdout","time":15.124174501,"data":"  \"allow_artifact_fallback\": false,\n"}
,{"stream_name":"stdout","time":15.124178207,"data":"  \"allow_pip_install\": false,\n"}
,{"stream_name":"stdout","time":15.124181798,"data":"  \"deepcenter_checkpoint_default\": \"/kaggle/input/biohub-deepcenter-unet3d-center-prior-v1/weights/full_frame_center/checkpoint_last.pt\",\n"}
,{"stream_name":"stdout","time":15.124185735,"data":"  \"deepcenter_expected_epoch\": 0,\n"}
,{"stream_name":"stdout","time":15.124189164,"data":"  \"deepcenter_gap_add_gate\": false,\n"}
,{"stream_name":"stdout","time":15.124192461,"data":"  \"deepcenter_gap_confirm_min_span_um\": 8.0,\n"}
,{"stream_name":"stdout","time":15.124195996,"data":"  \"deepcenter_gap_threshold\": 0.2,\n"}
,{"stream_name":"stdout","time":15.124200886,"data":"  \"deepcenter_safe_div_add_gate\": false,\n"}
,{"stream_name":"stdout","time":15.124207779,"data":"  \"deepcenter_safe_div_threshold\": 0.12,\n"}
,{"stream_name":"stdout","time":15.124210319,"data":"  \"det_threshold\": 0.97,\n"}
,{"stream_name":"stdout","time":15.124212682,"data":"  \"div_drop_to_single_if_bad\": true,\n"}
,{"stream_name":"stdout","time":15.124230538,"data":"  \"div_parent_max_um\": 10.5,\n"}
,{"stream_name":"stdout","time":15.124234583,"data":"  \"div_sister_max_um\": 8.0,\n"}
,{"stream_name":"stdout","time":15.124253725,"data":"  \"experiment_tag\": \"exp104_safe_div_precision\",\n"}
,{"stream_name":"stdout","time":15.12425798,"data":"  \"gap2_frame_frac_cap\": 0.006,\n"}
,{"stream_name":"stdout","time":15.124261894,"data":"  \"gap2_max_links_abs\": 180,\n"}
,{"stream_name":"stdout","time":15.124265704,"data":"  \"gap2_max_links_frac\": 0.0045,\n"}
,{"stream_name":"stdout","time":15.124270105,"data":"  \"gap2_max_step_um\": 4.4,\n"}
,{"stream_name":"stdout","time":15.124274077,"data":"  \"gap2_max_total_um\": 10.2,\n"}
,{"stream_name":"stdout","time":15.124277465,"data":"  \"gap2_require_context\": true,\n"}
,{"stream_name":"stdout","time":15.124280846,"data":"  \"gap_close_effective_max_gap\": 1,\n"}
,{"stream_name":"stdout","time":15.124284197,"data":"  \"gap_close_max_added_abs\": 2000,\n"}
,{"stream_name":"stdout","time":15.124288867,"data":"  \"gap_close_max_added_frac\": 0.05,\n"}
,{"stream_name":"stdout","time":15.12429336,"data":"  \"gap_close_max_gap\": 2,\n"}
,{"stream_name":"stdout","time":15.124297371,"data":"  \"gap_close_reuse_existing\": true,\n"}
,{"stream_name":"stdout","time":15.124300793,"data":"  \"gap_close_reuse_um\": 3.2,\n"}
,{"stream_name":"stdout","time":15.124304157,"data":"  \"gap_close_um\": 5.8,\n"}
,{"stream_name":"stdout","time":15.124307457,"data":"  \"gap_refine_max_shift_um\": 3.2,\n"}
,{"stream_name":"stdout","time":15.124310897,"data":"  \"gap_refine_synthetic\": true,\n"}
,{"stream_name":"stdout","time":15.12431426,"data":"  \"gap_refine_win_yx\": 3,\n"}
,{"stream_name":"stdout","time":15.124317542,"data":"  \"gap_refine_win_z\": 1,\n"}
,{"stream_name":"stdout","time":15.12432085,"data":"  \"ilp_appearance_weight\": 0.1,\n"}
,{"stream_name":"stdout","time":15.124324668,"data":"  \"ilp_disappearance_weight\": 0.1,\n"}
,{"stream_name":"stdout","time":15.124328732,"data":"  \"ilp_division_weight\": 1.0,\n"}
,{"stream_name":"stdout","time":15.124338615,"data":"  \"ilp_edge_weight\": -1.0,\n"}
,{"stream_name":"stdout","time":15.124341728,"data":"  \"method\": \"unet_transformer\",\n"}
,{"stream_name":"stdout","time":15.124345103,"data":"  \"motion_relink_learned_bonus\": 1.0,\n"}
,{"stream_name":"stdout","time":15.124348316,"data":"  \"motion_relink_max_frame_nodes\": 2600,\n"}
,{"stream_name":"stdout","time":15.124351534,"data":"  \"motion_relink_relaxed_um\": 10.0,\n"}
,{"stream_name":"stdout","time":15.124354807,"data":"  \"motion_relink_tight_um\": 6.0,\n"}
,{"stream_name":"stdout","time":15.124358061,"data":"  \"motion_relink_velocity_weight\": 0.5,\n"}
,{"stream_name":"stdout","time":15.124361469,"data":"  \"output_division_geometry_filter\": false,\n"}
,{"stream_name":"stdout","time":15.124364891,"data":"  \"output_edge_max_um\": 14.0,\n"}
,{"stream_name":"stdout","time":15.124368481,"data":"  \"output_enforce_next_frame\": true,\n"}
,{"stream_name":"stdout","time":15.124371955,"data":"  \"output_filter_short_tracks\": true,\n"}
,{"stream_name":"stdout","time":15.124375604,"data":"  \"output_gap2_recovery\": false,\n"}
,{"stream_name":"stdout","time":15.124378749,"data":"  \"output_gap_close\": true,\n"}
,{"stream_name":"stdout","time":15.124382062,"data":"  \"output_keep_division_components\": true,\n"}
,{"stream_name":"stdout","time":15.124385324,"data":"  \"output_linefit_smooth\": true,\n"}
,{"stream_name":"stdout","time":15.124391054,"data":"  \"output_linefit_weight\": 0.8,\n"}
,{"stream_name":"stdout","time":15.124394945,"data":"  \"output_linefit_window\": 2,\n"}
,{"stream_name":"stdout","time":15.124398269,"data":"  \"output_min_track_len\": 6,\n"}
,{"stream_name":"stdout","time":15.124406862,"data":"  \"output_motion_relink\": true,\n"}
,{"stream_name":"stdout","time":15.124410275,"data":"  \"output_prune_isolated\": true,\n"}
,{"stream_name":"stdout","time":15.124413572,"data":"  \"output_safe_divisions\": true,\n"}
,{"stream_name":"stdout","time":15.124416862,"data":"  \"output_single_child_repair\": false,\n"}
,{"stream_name":"stdout","time":15.124420345,"data":"  \"output_single_parent_repair\": true,\n"}
,{"stream_name":"stdout","time":15.124423879,"data":"  \"primary_artifact_manifest\": \"/kaggle/input/datasets/pilkwang/biohub-tracking-support-pack-50ep-v1/ARTIFACT_MANIFEST.json\",\n"}
,{"stream_name":"stdout","time":15.124427831,"data":"  \"run_visual_eda\": false,\n"}
,{"stream_name":"stdout","time":15.124431182,"data":"  \"safe_div_existing_child_max_um\": 7.25,\n"}
,{"stream_name":"stdout","time":15.124434314,"data":"  \"safe_div_frame_frac_cap\": 0.0069,\n"}
,{"stream_name":"stdout","time":15.12443779,"data":"  \"safe_div_global_frac_cap\": 0.0033,\n"}
,{"stream_name":"stdout","time":15.124441129,"data":"  \"safe_div_max_um\": 4.42,\n"}
,{"stream_name":"stdout","time":15.124444432,"data":"  \"safe_div_sister_max_um\": 7.9,\n"}
,{"stream_name":"stdout","time":15.12444784,"data":"  \"short_track_rescue_max_mean_edge_dist_um\": 3.25,\n"}
,{"stream_name":"stdout","time":15.124451629,"data":"  \"short_track_rescue_max_nodes_abs\": 180,\n"}
,{"stream_name":"stdout","time":15.124455165,"data":"  \"short_track_rescue_max_nodes_frac\": 0.018,\n"}
,{"stream_name":"stdout","time":15.124458691,"data":"  \"short_track_rescue_min_len\": 4,\n"}
,{"stream_name":"stdout","time":15.12446218,"data":"  \"short_track_rescue_min_mean_edge_prob\": 0.82,\n"}
,{"stream_name":"stdout","time":15.124465582,"data":"  \"short_track_rescue_trigger_removed_frac\": 0.1,\n"}
,{"stream_name":"stdout","time":15.124469195,"data":"  \"slice\": \"\",\n"}
,{"stream_name":"stdout","time":15.124472789,"data":"  \"target_artifact_slug\": \"biohub-tracking-support-pack-50ep-v1\",\n"}
,{"stream_name":"stdout","time":15.124476487,"data":"  \"unet_batch_size\": 4,\n"}
,{"stream_name":"stdout","time":15.124479914,"data":"  \"use_deepcenter_add_only_gate\": false,\n"}
,{"stream_name":"stdout","time":15.124483309,"data":"  \"use_ilp\": true,\n"}
,{"stream_name":"stdout","time":15.124486379,"data":"  \"weights\": \"weights/unet_transformer/split_0/edge_predictor_best.pth\"\n"}
,{"stream_name":"stdout","time":15.124490015,"data":"}\n"}
,{"stream_name":"stdout","time":15.384070504,"data":"ARTIFACTS: /kaggle/input/datasets/pilkwang/biohub-tracking-support-pack-50ep-v1\n"}
,{"stream_name":"stdout","time":15.384105899,"data":"Has offline wheels: True\n"}
,{"stream_name":"stdout","time":15.384109503,"data":"Artifact name: biohub-tracking-support-pack-400ep-snapshot-v1\n"}
,{"stream_name":"stdout","time":15.384127076,"data":"Weight sha256: 12f6881ee3620a831697ca098ff8f48e687a24225f4e048b538deec3562fe771\n"}
,{"stream_name":"stdout","time":15.384131776,"data":"Weight path: weights/unet_transformer/split_0/edge_predictor_best.pth\n"}
,{"stream_name":"stdout","time":16.330776935,"data":"Installing missing packages from offline package dirs: ['polars']\n"}
,{"stream_name":"stdout","time":16.330819667,"data":"Dependency resolver is disabled with --no-deps to avoid replacing Kaggle numpy/scipy in a live kernel.\n"}
,{"stream_name":"stdout","time":16.330824386,"data":"Offline package dirs: ['/kaggle/input/datasets/pilkwang/biohub-tracking-support-pack-50ep-v1/wheels']\n"}
,{"stream_name":"stdout","time":23.800484453,"data":"Offline dependency install succeeded.\n"}
,{"stream_name":"stdout","time":23.800530527,"data":"Installing missing packages from offline package dirs: ['tracksdata', 'zarr', 'pyscipopt', 'geff', 'geff_spec', 'ilpy', 'imagecodecs', 'rustworkx', 'numcodecs', 'donfig', 'bidict']\n"}
,{"stream_name":"stdout","time":23.800569001,"data":"Dependency resolver is disabled with --no-deps to avoid replacing Kaggle numpy/scipy in a live kernel.\n"}
,{"stream_name":"stdout","time":23.800574308,"data":"Offline package dirs: ['/kaggle/input/datasets/pilkwang/biohub-tracking-support-pack-50ep-v1/wheels']\n"}
,{"stream_name":"stdout","time":73.778554245,"data":"Offline dependency install succeeded.\n"}
,{"stream_name":"stderr","time":84.50872843,"data":"/usr/local/lib/python3.12/dist-packages/dask/array/image.py:7: FutureWarning: `find_available_plugins` is deprecated since version 0.25 and will be removed in version 0.27. The plugin infrastructure of `skimage.io` is deprecated. Instead, use `imageio` or other I/O packages directly.\n"}
,{"stream_name":"stderr","time":84.508767236,"data":"  from skimage.io import imread as sk_imread\n"}
,{"stream_name":"stderr","time":84.508773769,"data":"/usr/lib/python3.12/importlib/__init__.py:90: FutureWarning: `reset_plugins` is deprecated since version 0.25 and will be removed in version 0.27. The plugin infrastructure of `skimage.io` is deprecated. Instead, use `imageio` or other I/O packages directly.\n"}
,{"stream_name":"stderr","time":84.508780204,"data":"  return _bootstrap._gcd_import(name[level:], package, level)\n"}
,{"stream_name":"stderr","time":84.508785631,"data":"\n"}
,{"stream_name":"stderr","time":84.508790581,"data":"/usr/local/lib/python3.12/dist-packages/dask/array/image.py:7: FutureWarning: `find_available_plugins` is deprecated since version 0.25 and will be removed in version 0.27. The plugin infrastructure of `skimage.io` is deprecated. Instead, use `imageio` or other I/O packages directly.\n"}
,{"stream_name":"stderr","time":84.508796556,"data":"  from skimage.io import imread as sk_imread\n"}
,{"stream_name":"stderr","time":84.508801691,"data":"/usr/lib/python3.12/importlib/__init__.py:90: FutureWarning: `reset_plugins` is deprecated since version 0.25 and will be removed in version 0.27. The plugin infrastructure of `skimage.io` is deprecated. Instead, use `imageio` or other I/O packages directly.\n"}
,{"stream_name":"stderr","time":84.50880725,"data":"  return _bootstrap._gcd_import(name[level:], package, level)\n"}
,{"stream_name":"stdout","time":84.740574799,"data":"Required graph/Zarr/ILP packages import successfully.\n"}
,{"stream_name":"stdout","time":84.740627233,"data":"Inference repo: /kaggle/working/tracking_repo\n"}
,{"stream_name":"stdout","time":84.740635415,"data":"Weights: /kaggle/working/tracking_repo/weights/unet_transformer/split_0/edge_predictor_best.pth\n"}
,{"stream_name":"stdout","time":84.817229482,"data":"TTA patch applied (400ep spatial D4-style)\n"}
,{"stream_name":"stdout","time":84.81726101,"data":"Found 4 test videos\n"}
,{"stream_name":"stdout","time":84.817265128,"data":"['44b6_0113de3b', '44b6_0b24845f', '6bba_05b6850b', '6bba_05db0fb1']\n"}
,{"stream_name":"stdout","time":84.817268925,"data":"/usr/bin/python3 scripts/predict_unet_transformer.py --data-dir /kaggle/input/competitions/biohub-cell-tracking-during-development/test --splits kaggle_test_splits_50ep.json --split 0 --weights weights/unet_transformer/split_0/edge_predictor_best.pth --unet-batch-size 4 --det-threshold 0.97 --ilp-edge-weight -1.0 --ilp-appearance-weight 0.1 --ilp-disappearance-weight 0.1 --ilp-division-weight 1.0 --use-ilp\n"}
,{"stream_name":"stderr","time":95.444043147,"data":"/usr/local/lib/python3.12/dist-packages/dask/array/image.py:7: FutureWarning: `find_available_plugins` is deprecated since version 0.25 and will be removed in version 0.27. The plugin infrastructure of `skimage.io` is deprecated. Instead, use `imageio` or other I/O packages directly.\n"}
,{"stream_name":"stderr","time":95.444093741,"data":"  from skimage.io import imread as sk_imread\n"}
,{"stream_name":"stderr","time":95.449595256,"data":"/usr/lib/python3.12/importlib/__init__.py:90: FutureWarning: `reset_plugins` is deprecated since version 0.25 and will be removed in version 0.27. The plugin infrastructure of `skimage.io` is deprecated. Instead, use `imageio` or other I/O packages directly.\n"}
,{"stream_name":"stderr","time":95.449623273,"data":"  return _bootstrap._gcd_import(name[level:], package, level)\n"}
,{"stream_name":"stderr","time":95.646510993,"data":"/usr/local/lib/python3.12/dist-packages/dask/array/image.py:7: FutureWarning: `find_available_plugins` is deprecated since version 0.25 and will be removed in version 0.27. The plugin infrastructure of `skimage.io` is deprecated. Instead, use `imageio` or other I/O packages directly.\n"}
,{"stream_name":"stderr","time":95.64654701,"data":"  from skimage.io import imread as sk_imread\n"}
,{"stream_name":"stderr","time":95.646552171,"data":"/usr/lib/python3.12/importlib/__init__.py:90: FutureWarning: `reset_plugins` is deprecated since version 0.25 and will be removed in version 0.27. The plugin infrastructure of `skimage.io` is deprecated. Instead, use `imageio` or other I/O packages directly.\n"}
,{"stream_name":"stderr","time":95.646557069,"data":"  return _bootstrap._gcd_import(name[level:], package, level)\n"}
,{"stream_name":"stderr","time":95.646561459,"data":"\n"}
,{"stream_name":"stderr","time":95.646565182,"data":"/usr/local/lib/python3.12/dist-packages/dask/array/image.py:7: FutureWarning: `find_available_plugins` is deprecated since version 0.25 and will be removed in version 0.27. The plugin infrastructure of `skimage.io` is deprecated. Instead, use `imageio` or other I/O packages directly.\n"}
,{"stream_name":"stderr","time":95.646570162,"data":"  from skimage.io import imread as sk_imread\n"}
,{"stream_name":"stderr","time":95.64657411,"data":"/usr/lib/python3.12/importlib/__init__.py:90: FutureWarning: `reset_plugins` is deprecated since version 0.25 and will be removed in version 0.27. The plugin infrastructure of `skimage.io` is deprecated. Instead, use `imageio` or other I/O packages directly.\n"}
,{"stream_name":"stderr","time":95.64658484,"data":"  return _bootstrap._gcd_import(name[level:], package, level)\n"}
,{"stream_name":"stdout","time":96.341975153,"data":"Fold 0: 4 datasets | weights=weights/unet_transformer/split_0/edge_predictor_best.pth | device=cuda | window_size=2 | pool_kernel_um=3.0\n"}
,{"stream_name":"stdout","time":96.54422559,"data":"Fold 0: 4 datasets | weights=weights/unet_transformer/split_0/edge_predictor_best.pth | device=cuda | window_size=2 | pool_kernel_um=3.0\n"}
,{"stream_name":"stdout","time":659.543062223,"data":"Saved 4 predictions to /kaggle/working/tracking_repo/predictions/unknown/unet_transformer/split_0\n"}
,{"stream_name":"stdout","time":659.756004935,"data":"Saved 4 predictions to /kaggle/working/tracking_repo/predictions/unknown/unet_transformer/split_0\n"}
,{"stream_name":"stdout","time":666.140293384,"data":"Prediction completed in 9.69 minutes\n"}
,{"stream_name":"stdout","time":669.013583082,"data":"DeepCenter add-only repair gate disabled by configuration.\n"}
,{"stream_name":"stdout","time":669.013620054,"data":"Found 4 prediction graphs\n"}
,{"stream_name":"stdout","time":946.074900354,"data":"Wrote /kaggle/working/submission.csv with 251,832 rows\n"}
,{"stream_name":"stdout","time":946.074973947,"data":"Node rows: 128,216 | edge rows: 123,616\n"}
,{"stream_name":"stdout","time":946.074980612,"data":"Wrote /kaggle/working/run_stats.csv\n"}
,{"stream_name":"stderr","time":951.680612176,"data":"/usr/local/lib/python3.12/dist-packages/mistune.py:435: SyntaxWarning: invalid escape sequence '\\|'\n"}
,{"stream_name":"stderr","time":951.680654887,"data":"  cells[i][c] = re.sub('\\\\\\\\\\|', '|', cell)\n"}
,{"stream_name":"stderr","time":951.869524409,"data":"/usr/local/lib/python3.12/dist-packages/nbconvert/filters/filter_links.py:36: SyntaxWarning: invalid escape sequence '\\_'\n"}
,{"stream_name":"stderr","time":951.869550313,"data":"  text = re.sub(r'_', '\\_', text) # Escape underscores in display text\n"}
,{"stream_name":"stderr","time":952.753128528,"data":"[NbConvertApp] Converting notebook __notebook__.ipynb to notebook\n"}
,{"stream_name":"stderr","time":953.097397473,"data":"[NbConvertApp] Writing 165186 bytes to __notebook__.ipynb\n"}
,{"stream_name":"stderr","time":955.924759071,"data":"[NbConvertApp] Converting notebook __notebook__.ipynb to html\n"}
,{"stream_name":"stderr","time":957.347021627,"data":"[NbConvertApp] Writing 781149 bytes to __results__.html\n"}
]