[{"stream_name":"stderr","time":8.197347436,"data":"/usr/local/lib/python3.12/dist-packages/nbformat/__init__.py:96: MissingIDFieldWarning: Cell is missing an id field, this will become a hard error in future nbformat versions. You may want to use `normalize()` on your notebooks before validations (available since nbformat 5.1.4). Previous versions of nbformat are fixing this issue transparently, and will stop doing so in the future.\n"}
,{"stream_name":"stderr","time":8.197432292,"data":"  validate(nb)\n"}
,{"stream_name":"stderr","time":9.404872279,"data":"0.00s - Debugger warning: It seems that frozen modules are being used, which may\n"}
,{"stream_name":"stderr","time":9.404907487,"data":"0.00s - make the debugger miss breakpoints. Please pass -Xfrozen_modules=off\n"}
,{"stream_name":"stderr","time":9.404913776,"data":"0.00s - to python to disable frozen modules.\n"}
,{"stream_name":"stderr","time":9.404918309,"data":"0.00s - Note: Debugging will proceed. Set PYDEVD_DISABLE_FILE_VALIDATION=1 to disable this validation.\n"}
,{"stream_name":"stderr","time":10.259247988,"data":"0.00s - Debugger warning: It seems that frozen modules are being used, which may\n"}
,{"stream_name":"stderr","time":10.25928997,"data":"0.00s - make the debugger miss breakpoints. Please pass -Xfrozen_modules=off\n"}
,{"stream_name":"stderr","time":10.259299728,"data":"0.00s - to python to disable frozen modules.\n"}
,{"stream_name":"stderr","time":10.259303143,"data":"0.00s - Note: Debugging will proceed. Set PYDEVD_DISABLE_FILE_VALIDATION=1 to disable this validation.\n"}
,{"stream_name":"stdout","time":46.577076004,"data":"\u001b[33mWARNING: Retrying (Retry(total=4, connect=None, read=None, redirect=None, status=None)) after connection broken by 'NewConnectionError('\u003cpip._vendor.urllib3.connection.HTTPSConnection object at 0x7a9c6da10bc0\u003e: Failed to establish a new connection: [Errno -3] Temporary failure in name resolution')': /simple/onnxruntime/\u001b[0m\u001b[33m\r\n"}
,{"stream_name":"stdout","time":79.134292808,"data":"\u001b[0m\u001b[33mWARNING: Retrying (Retry(total=3, connect=None, read=None, redirect=None, status=None)) after connection broken by 'NewConnectionError('\u003cpip._vendor.urllib3.connection.HTTPSConnection object at 0x7a9c6d49e1e0\u003e: Failed to establish a new connection: [Errno -3] Temporary failure in name resolution')': /simple/onnxruntime/\u001b[0m\u001b[33m\r\n"}
,{"stream_name":"stdout","time":112.12059629,"data":"\u001b[0m\u001b[33mWARNING: Retrying (Retry(total=2, connect=None, read=None, redirect=None, status=None)) after connection broken by 'NewConnectionError('\u003cpip._vendor.urllib3.connection.HTTPSConnection object at 0x7a9c6d67d4f0\u003e: Failed to establish a new connection: [Errno -3] Temporary failure in name resolution')': /simple/onnxruntime/\u001b[0m\u001b[33m\r\n"}
,{"stream_name":"stdout","time":146.141649088,"data":"\u001b[0m\u001b[33mWARNING: Retrying (Retry(total=1, connect=None, read=None, redirect=None, status=None)) after connection broken by 'NewConnectionError('\u003cpip._vendor.urllib3.connection.HTTPSConnection object at 0x7a9c6d61c710\u003e: Failed to establish a new connection: [Errno -3] Temporary failure in name resolution')': /simple/onnxruntime/\u001b[0m\u001b[33m\r\n"}
,{"stream_name":"stdout","time":182.150322988,"data":"\u001b[0m\u001b[33mWARNING: Retrying (Retry(total=0, connect=None, read=None, redirect=None, status=None)) after connection broken by 'NewConnectionError('\u003cpip._vendor.urllib3.connection.HTTPSConnection object at 0x7a9c6d688230\u003e: Failed to establish a new connection: [Errno -3] Temporary failure in name resolution')': /simple/onnxruntime/\u001b[0m\u001b[33m\r\n"}
,{"stream_name":"stdout","time":214.203759593,"data":"\u001b[0m\u001b[31mERROR: Could not find a version that satisfies the requirement onnxruntime==1.24.4 (from versions: none)\u001b[0m\u001b[31m\r\n"}
,{"stream_name":"stdout","time":214.203827819,"data":"\u001b[0m\u001b[31mERROR: No matching distribution found for onnxruntime==1.24.4\u001b[0m\u001b[31m\r\n"}
,{"stream_name":"stdout","time":214.941885174,"data":"\u001b[0m{'lb': 7347.93, 'models': 400, 'bytes': 414038}\n"}
,{"stream_name":"stderr","time":218.396718489,"data":"/usr/local/lib/python3.12/dist-packages/mistune.py:435: SyntaxWarning: invalid escape sequence '\\|'\n"}
,{"stream_name":"stderr","time":218.396775534,"data":"  cells[i][c] = re.sub('\\\\\\\\\\|', '|', cell)\n"}
,{"stream_name":"stderr","time":218.606981913,"data":"/usr/local/lib/python3.12/dist-packages/nbconvert/filters/filter_links.py:36: SyntaxWarning: invalid escape sequence '\\_'\n"}
,{"stream_name":"stderr","time":218.607025193,"data":"  text = re.sub(r'_', '\\_', text) # Escape underscores in display text\n"}
,{"stream_name":"stderr","time":219.416577454,"data":"[NbConvertApp] Converting notebook __notebook__.ipynb to notebook\n"}
,{"stream_name":"stderr","time":219.84064057,"data":"[NbConvertApp] Writing 696499 bytes to __notebook__.ipynb\n"}
,{"stream_name":"stderr","time":223.199026726,"data":"[NbConvertApp] Converting notebook __notebook__.ipynb to html\n"}
,{"stream_name":"stderr","time":224.868183826,"data":"[NbConvertApp] Writing 1305058 bytes to __results__.html\n"}
]